2024-01-10 09:08:47.4960|14|INFO|Microsoft.Hosting.Lifetime|Now listening on: https://localhost:7185 |url: |action: 
2024-01-10 09:08:47.4960|14|INFO|Microsoft.Hosting.Lifetime|Now listening on: http://localhost:5280 |url: |action: 
2024-01-10 09:08:47.4960|0|INFO|Microsoft.Hosting.Lifetime|Application started. Press Ctrl+C to shut down. |url: |action: 
2024-01-10 09:08:47.4960|0|INFO|Microsoft.Hosting.Lifetime|Hosting environment: Development |url: |action: 
2024-01-10 09:08:47.4960|0|INFO|Microsoft.Hosting.Lifetime|Content root path: C:\Code\С#\AllAuto\AllAuto\ |url: |action: 
2024-01-10 09:09:37.9843|30000|WARN|Microsoft.EntityFrameworkCore.Model.Validation|No store type was specified for the decimal property 'Price' on entity type 'Car'. This will cause values to be silently truncated if they do not fit in the default precision and scale. Explicitly specify the SQL server column type that can accommodate all the values in 'OnModelCreating' using 'HasColumnType', specify precision and scale using 'HasPrecision', or configure a value converter using 'HasConversion'. |url: https://localhost/Account/Login|action: Login
2024-01-10 09:34:41.8392|14|INFO|Microsoft.Hosting.Lifetime|Now listening on: https://localhost:7185 |url: |action: 
2024-01-10 09:34:41.8474|14|INFO|Microsoft.Hosting.Lifetime|Now listening on: http://localhost:5280 |url: |action: 
2024-01-10 09:34:41.8474|0|INFO|Microsoft.Hosting.Lifetime|Application started. Press Ctrl+C to shut down. |url: |action: 
2024-01-10 09:34:41.8474|0|INFO|Microsoft.Hosting.Lifetime|Hosting environment: Development |url: |action: 
2024-01-10 09:34:41.8474|0|INFO|Microsoft.Hosting.Lifetime|Content root path: C:\Code\С#\AllAuto\AllAuto\ |url: |action: 
2024-01-10 09:34:51.9867|30000|WARN|Microsoft.EntityFrameworkCore.Model.Validation|No store type was specified for the decimal property 'Price' on entity type 'Car'. This will cause values to be silently truncated if they do not fit in the default precision and scale. Explicitly specify the SQL server column type that can accommodate all the values in 'OnModelCreating' using 'HasColumnType', specify precision and scale using 'HasPrecision', or configure a value converter using 'HasConversion'. |url: https://localhost/Account/Login|action: Login
2024-01-10 09:36:33.8262|14|INFO|Microsoft.Hosting.Lifetime|Now listening on: https://localhost:7185 |url: |action: 
2024-01-10 09:36:33.8351|14|INFO|Microsoft.Hosting.Lifetime|Now listening on: http://localhost:5280 |url: |action: 
2024-01-10 09:36:33.8351|0|INFO|Microsoft.Hosting.Lifetime|Application started. Press Ctrl+C to shut down. |url: |action: 
2024-01-10 09:36:33.8351|0|INFO|Microsoft.Hosting.Lifetime|Hosting environment: Development |url: |action: 
2024-01-10 09:36:33.8351|0|INFO|Microsoft.Hosting.Lifetime|Content root path: C:\Code\С#\AllAuto\AllAuto\ |url: |action: 
2024-01-10 09:37:01.9700|30000|WARN|Microsoft.EntityFrameworkCore.Model.Validation|No store type was specified for the decimal property 'Price' on entity type 'Car'. This will cause values to be silently truncated if they do not fit in the default precision and scale. Explicitly specify the SQL server column type that can accommodate all the values in 'OnModelCreating' using 'HasColumnType', specify precision and scale using 'HasPrecision', or configure a value converter using 'HasConversion'. |url: https://localhost/Account/Register|action: Register
2024-01-10 09:49:30.9528|14|INFO|Microsoft.Hosting.Lifetime|Now listening on: https://localhost:7185 |url: |action: 
2024-01-10 09:49:30.9597|14|INFO|Microsoft.Hosting.Lifetime|Now listening on: http://localhost:5280 |url: |action: 
2024-01-10 09:49:30.9597|0|INFO|Microsoft.Hosting.Lifetime|Application started. Press Ctrl+C to shut down. |url: |action: 
2024-01-10 09:49:30.9597|0|INFO|Microsoft.Hosting.Lifetime|Hosting environment: Development |url: |action: 
2024-01-10 09:49:30.9597|0|INFO|Microsoft.Hosting.Lifetime|Content root path: C:\Code\С#\AllAuto\AllAuto\ |url: |action: 
2024-01-10 09:49:36.1025|10625|WARN|Microsoft.EntityFrameworkCore.Model.Validation|The foreign key property 'Profile.UserId1' was created in shadow state because a conflicting property with the simple name 'UserId' exists in the entity type, but is either not mapped, is already used for another relationship, or is incompatible with the associated primary key type. See https://aka.ms/efcore-relationships for information on mapping relationships in EF Core. |url: https://localhost/|action: Index
2024-01-10 09:49:36.1393|30000|WARN|Microsoft.EntityFrameworkCore.Model.Validation|No store type was specified for the decimal property 'Price' on entity type 'Car'. This will cause values to be silently truncated if they do not fit in the default precision and scale. Explicitly specify the SQL server column type that can accommodate all the values in 'OnModelCreating' using 'HasColumnType', specify precision and scale using 'HasPrecision', or configure a value converter using 'HasConversion'. |url: https://localhost/|action: Index
2024-01-10 09:53:15.4051|14|INFO|Microsoft.Hosting.Lifetime|Now listening on: https://localhost:7185 |url: |action: 
2024-01-10 09:53:15.4117|14|INFO|Microsoft.Hosting.Lifetime|Now listening on: http://localhost:5280 |url: |action: 
2024-01-10 09:53:15.4117|0|INFO|Microsoft.Hosting.Lifetime|Application started. Press Ctrl+C to shut down. |url: |action: 
2024-01-10 09:53:15.4117|0|INFO|Microsoft.Hosting.Lifetime|Hosting environment: Development |url: |action: 
2024-01-10 09:53:15.4117|0|INFO|Microsoft.Hosting.Lifetime|Content root path: C:\Code\С#\AllAuto\AllAuto\ |url: |action: 
2024-01-10 09:53:17.8316|10625|WARN|Microsoft.EntityFrameworkCore.Model.Validation|The foreign key property 'Profile.UserId1' was created in shadow state because a conflicting property with the simple name 'UserId' exists in the entity type, but is either not mapped, is already used for another relationship, or is incompatible with the associated primary key type. See https://aka.ms/efcore-relationships for information on mapping relationships in EF Core. |url: https://localhost/|action: Index
2024-01-10 09:53:17.8686|30000|WARN|Microsoft.EntityFrameworkCore.Model.Validation|No store type was specified for the decimal property 'Price' on entity type 'Car'. This will cause values to be silently truncated if they do not fit in the default precision and scale. Explicitly specify the SQL server column type that can accommodate all the values in 'OnModelCreating' using 'HasColumnType', specify precision and scale using 'HasPrecision', or configure a value converter using 'HasConversion'. |url: https://localhost/|action: Index
2024-01-10 10:27:23.7273|14|INFO|Microsoft.Hosting.Lifetime|Now listening on: https://localhost:7185 |url: |action: 
2024-01-10 10:27:23.7273|14|INFO|Microsoft.Hosting.Lifetime|Now listening on: http://localhost:5280 |url: |action: 
2024-01-10 10:27:23.7273|0|INFO|Microsoft.Hosting.Lifetime|Application started. Press Ctrl+C to shut down. |url: |action: 
2024-01-10 10:27:23.7273|0|INFO|Microsoft.Hosting.Lifetime|Hosting environment: Development |url: |action: 
2024-01-10 10:27:23.7273|0|INFO|Microsoft.Hosting.Lifetime|Content root path: C:\Code\С#\AllAuto\AllAuto\ |url: |action: 
2024-01-10 10:27:26.1713|10625|WARN|Microsoft.EntityFrameworkCore.Model.Validation|The foreign key property 'Profile.UserId1' was created in shadow state because a conflicting property with the simple name 'UserId' exists in the entity type, but is either not mapped, is already used for another relationship, or is incompatible with the associated primary key type. See https://aka.ms/efcore-relationships for information on mapping relationships in EF Core. |url: https://localhost/|action: Index
2024-01-10 10:27:26.2092|30000|WARN|Microsoft.EntityFrameworkCore.Model.Validation|No store type was specified for the decimal property 'Price' on entity type 'Car'. This will cause values to be silently truncated if they do not fit in the default precision and scale. Explicitly specify the SQL server column type that can accommodate all the values in 'OnModelCreating' using 'HasColumnType', specify precision and scale using 'HasPrecision', or configure a value converter using 'HasConversion'. |url: https://localhost/|action: Index
2024-01-10 10:57:31.0649|14|INFO|Microsoft.Hosting.Lifetime|Now listening on: https://localhost:7185 |url: |action: 
2024-01-10 10:57:31.0743|14|INFO|Microsoft.Hosting.Lifetime|Now listening on: http://localhost:5280 |url: |action: 
2024-01-10 10:57:31.0743|0|INFO|Microsoft.Hosting.Lifetime|Application started. Press Ctrl+C to shut down. |url: |action: 
2024-01-10 10:57:31.0743|0|INFO|Microsoft.Hosting.Lifetime|Hosting environment: Development |url: |action: 
2024-01-10 10:57:31.0743|0|INFO|Microsoft.Hosting.Lifetime|Content root path: C:\Code\С#\AllAuto\AllAuto\ |url: |action: 
2024-01-10 10:57:34.1504|10625|WARN|Microsoft.EntityFrameworkCore.Model.Validation|The foreign key property 'Profile.UserId1' was created in shadow state because a conflicting property with the simple name 'UserId' exists in the entity type, but is either not mapped, is already used for another relationship, or is incompatible with the associated primary key type. See https://aka.ms/efcore-relationships for information on mapping relationships in EF Core. |url: https://localhost/|action: Index
2024-01-10 10:57:34.1981|30000|WARN|Microsoft.EntityFrameworkCore.Model.Validation|No store type was specified for the decimal property 'Price' on entity type 'Car'. This will cause values to be silently truncated if they do not fit in the default precision and scale. Explicitly specify the SQL server column type that can accommodate all the values in 'OnModelCreating' using 'HasColumnType', specify precision and scale using 'HasPrecision', or configure a value converter using 'HasConversion'. |url: https://localhost/|action: Index
2024-01-10 11:31:15.4887|14|INFO|Microsoft.Hosting.Lifetime|Now listening on: https://localhost:7185 |url: |action: 
2024-01-10 11:31:15.4887|14|INFO|Microsoft.Hosting.Lifetime|Now listening on: http://localhost:5280 |url: |action: 
2024-01-10 11:31:15.4887|0|INFO|Microsoft.Hosting.Lifetime|Application started. Press Ctrl+C to shut down. |url: |action: 
2024-01-10 11:31:15.4887|0|INFO|Microsoft.Hosting.Lifetime|Hosting environment: Development |url: |action: 
2024-01-10 11:31:15.4887|0|INFO|Microsoft.Hosting.Lifetime|Content root path: C:\Code\С#\AllAuto\AllAuto\ |url: |action: 
2024-01-10 11:31:20.8594|10625|WARN|Microsoft.EntityFrameworkCore.Model.Validation|The foreign key property 'Profile.UserId1' was created in shadow state because a conflicting property with the simple name 'UserId' exists in the entity type, but is either not mapped, is already used for another relationship, or is incompatible with the associated primary key type. See https://aka.ms/efcore-relationships for information on mapping relationships in EF Core. |url: https://localhost/|action: Index
2024-01-10 11:31:20.8967|30000|WARN|Microsoft.EntityFrameworkCore.Model.Validation|No store type was specified for the decimal property 'Price' on entity type 'Car'. This will cause values to be silently truncated if they do not fit in the default precision and scale. Explicitly specify the SQL server column type that can accommodate all the values in 'OnModelCreating' using 'HasColumnType', specify precision and scale using 'HasPrecision', or configure a value converter using 'HasConversion'. |url: https://localhost/|action: Index
2024-01-10 11:31:24.8633|10625|WARN|Microsoft.EntityFrameworkCore.Model.Validation|The foreign key property 'Profile.UserId1' was created in shadow state because a conflicting property with the simple name 'UserId' exists in the entity type, but is either not mapped, is already used for another relationship, or is incompatible with the associated primary key type. See https://aka.ms/efcore-relationships for information on mapping relationships in EF Core. |url: https://localhost/|action: Index
2024-01-10 11:31:24.8633|30000|WARN|Microsoft.EntityFrameworkCore.Model.Validation|No store type was specified for the decimal property 'Price' on entity type 'Car'. This will cause values to be silently truncated if they do not fit in the default precision and scale. Explicitly specify the SQL server column type that can accommodate all the values in 'OnModelCreating' using 'HasColumnType', specify precision and scale using 'HasPrecision', or configure a value converter using 'HasConversion'. |url: https://localhost/|action: Index
2024-01-10 13:50:10.5060|14|INFO|Microsoft.Hosting.Lifetime|Now listening on: https://localhost:7185 |url: |action: 
2024-01-10 13:50:10.5060|14|INFO|Microsoft.Hosting.Lifetime|Now listening on: http://localhost:5280 |url: |action: 
2024-01-10 13:50:10.5060|0|INFO|Microsoft.Hosting.Lifetime|Application started. Press Ctrl+C to shut down. |url: |action: 
2024-01-10 13:50:10.5060|0|INFO|Microsoft.Hosting.Lifetime|Hosting environment: Development |url: |action: 
2024-01-10 13:50:10.5060|0|INFO|Microsoft.Hosting.Lifetime|Content root path: C:\Code\С#\AllAuto\AllAuto\ |url: |action: 
2024-01-10 13:50:17.6068|10625|WARN|Microsoft.EntityFrameworkCore.Model.Validation|The foreign key property 'Profile.UserId1' was created in shadow state because a conflicting property with the simple name 'UserId' exists in the entity type, but is either not mapped, is already used for another relationship, or is incompatible with the associated primary key type. See https://aka.ms/efcore-relationships for information on mapping relationships in EF Core. |url: https://localhost/|action: Index
2024-01-10 13:50:17.6475|30000|WARN|Microsoft.EntityFrameworkCore.Model.Validation|No store type was specified for the decimal property 'Price' on entity type 'Car'. This will cause values to be silently truncated if they do not fit in the default precision and scale. Explicitly specify the SQL server column type that can accommodate all the values in 'OnModelCreating' using 'HasColumnType', specify precision and scale using 'HasPrecision', or configure a value converter using 'HasConversion'. |url: https://localhost/|action: Index
2024-01-10 13:50:21.9401|10625|WARN|Microsoft.EntityFrameworkCore.Model.Validation|The foreign key property 'Profile.UserId1' was created in shadow state because a conflicting property with the simple name 'UserId' exists in the entity type, but is either not mapped, is already used for another relationship, or is incompatible with the associated primary key type. See https://aka.ms/efcore-relationships for information on mapping relationships in EF Core. |url: https://localhost/|action: Index
2024-01-10 13:50:21.9401|30000|WARN|Microsoft.EntityFrameworkCore.Model.Validation|No store type was specified for the decimal property 'Price' on entity type 'Car'. This will cause values to be silently truncated if they do not fit in the default precision and scale. Explicitly specify the SQL server column type that can accommodate all the values in 'OnModelCreating' using 'HasColumnType', specify precision and scale using 'HasPrecision', or configure a value converter using 'HasConversion'. |url: https://localhost/|action: Index
2024-01-10 13:50:34.0736|0|INFO|AllAuto.Service.Implementations.UserService|[UserService.GetUsers] получено элементов 1 |url: https://localhost/User/GetUsers|action: GetUsers
2024-01-10 13:51:26.6287|10100|ERROR|Microsoft.EntityFrameworkCore.Query|An exception occurred while iterating over the results of a query for context type 'AllAuto.DAL.ApplicationDbContext'.
System.ObjectDisposedException: Cannot access a disposed context instance. A common cause of this error is disposing a context instance that was resolved from dependency injection and then later trying to use the same context instance elsewhere in your application. This may occur if you are calling 'Dispose' on the context instance, or wrapping it in a using statement. If you are using dependency injection, you should let the dependency injection container take care of disposing context instances.
Object name: 'ApplicationDbContext'.
   at Microsoft.EntityFrameworkCore.DbContext.CheckDisposed()
   at Microsoft.EntityFrameworkCore.DbContext.get_DbContextDependencies()
   at Microsoft.EntityFrameworkCore.DbContext.Microsoft.EntityFrameworkCore.Internal.IDbContextDependencies.get_StateManager()
   at Microsoft.EntityFrameworkCore.Query.QueryContext.InitializeStateManager(Boolean standAlone)
   at Microsoft.EntityFrameworkCore.Query.Internal.SingleQueryingEnumerable`1.AsyncEnumerator.InitializeReaderAsync(AsyncEnumerator enumerator, CancellationToken cancellationToken)
   at Microsoft.EntityFrameworkCore.SqlServer.Storage.Internal.SqlServerExecutionStrategy.ExecuteAsync[TState,TResult](TState state, Func`4 operation, Func`4 verifySucceeded, CancellationToken cancellationToken)
   at Microsoft.EntityFrameworkCore.Query.Internal.SingleQueryingEnumerable`1.AsyncEnumerator.MoveNextAsync() System.ObjectDisposedException: Cannot access a disposed context instance. A common cause of this error is disposing a context instance that was resolved from dependency injection and then later trying to use the same context instance elsewhere in your application. This may occur if you are calling 'Dispose' on the context instance, or wrapping it in a using statement. If you are using dependency injection, you should let the dependency injection container take care of disposing context instances.
Object name: 'ApplicationDbContext'.
   at Microsoft.EntityFrameworkCore.DbContext.CheckDisposed()
   at Microsoft.EntityFrameworkCore.DbContext.get_DbContextDependencies()
   at Microsoft.EntityFrameworkCore.DbContext.Microsoft.EntityFrameworkCore.Internal.IDbContextDependencies.get_StateManager()
   at Microsoft.EntityFrameworkCore.Query.QueryContext.InitializeStateManager(Boolean standAlone)
   at Microsoft.EntityFrameworkCore.Query.Internal.SingleQueryingEnumerable`1.AsyncEnumerator.InitializeReaderAsync(AsyncEnumerator enumerator, CancellationToken cancellationToken)
   at Microsoft.EntityFrameworkCore.SqlServer.Storage.Internal.SqlServerExecutionStrategy.ExecuteAsync[TState,TResult](TState state, Func`4 operation, Func`4 verifySucceeded, CancellationToken cancellationToken)
   at Microsoft.EntityFrameworkCore.Query.Internal.SingleQueryingEnumerable`1.AsyncEnumerator.MoveNextAsync()|url: |action: 
2024-01-10 13:51:26.7386|0|ERROR|AllAuto.Service.Implementations.ProfileService|[UserService.GetUsers] error Cannot access a disposed context instance. A common cause of this error is disposing a context instance that was resolved from dependency injection and then later trying to use the same context instance elsewhere in your application. This may occur if you are calling 'Dispose' on the context instance, or wrapping it in a using statement. If you are using dependency injection, you should let the dependency injection container take care of disposing context instances.
Object name: 'ApplicationDbContext'. System.ObjectDisposedException: Cannot access a disposed context instance. A common cause of this error is disposing a context instance that was resolved from dependency injection and then later trying to use the same context instance elsewhere in your application. This may occur if you are calling 'Dispose' on the context instance, or wrapping it in a using statement. If you are using dependency injection, you should let the dependency injection container take care of disposing context instances.
Object name: 'ApplicationDbContext'.
   at Microsoft.EntityFrameworkCore.DbContext.CheckDisposed()
   at Microsoft.EntityFrameworkCore.DbContext.get_DbContextDependencies()
   at Microsoft.EntityFrameworkCore.DbContext.Microsoft.EntityFrameworkCore.Internal.IDbContextDependencies.get_StateManager()
   at Microsoft.EntityFrameworkCore.Query.QueryContext.InitializeStateManager(Boolean standAlone)
   at Microsoft.EntityFrameworkCore.Query.Internal.SingleQueryingEnumerable`1.AsyncEnumerator.InitializeReaderAsync(AsyncEnumerator enumerator, CancellationToken cancellationToken)
   at Microsoft.EntityFrameworkCore.SqlServer.Storage.Internal.SqlServerExecutionStrategy.ExecuteAsync[TState,TResult](TState state, Func`4 operation, Func`4 verifySucceeded, CancellationToken cancellationToken)
   at Microsoft.EntityFrameworkCore.Query.Internal.SingleQueryingEnumerable`1.AsyncEnumerator.MoveNextAsync()
   at Microsoft.EntityFrameworkCore.Query.ShapedQueryCompilingExpressionVisitor.SingleOrDefaultAsync[TSource](IAsyncEnumerable`1 asyncEnumerable, CancellationToken cancellationToken)
   at Microsoft.EntityFrameworkCore.Query.ShapedQueryCompilingExpressionVisitor.SingleOrDefaultAsync[TSource](IAsyncEnumerable`1 asyncEnumerable, CancellationToken cancellationToken)
   at AllAuto.Service.Implementations.ProfileService.GetProfile(String username) in C:\Code\С#\AllAuto\AllAuto.Service\Implementations\ProfileService.cs:line 27|url: |action: 
2024-01-10 16:23:25.8388|14|INFO|Microsoft.Hosting.Lifetime|Now listening on: https://localhost:7185 |url: |action: 
2024-01-10 16:23:25.8480|14|INFO|Microsoft.Hosting.Lifetime|Now listening on: http://localhost:5280 |url: |action: 
2024-01-10 16:23:25.8480|0|INFO|Microsoft.Hosting.Lifetime|Application started. Press Ctrl+C to shut down. |url: |action: 
2024-01-10 16:23:25.8480|0|INFO|Microsoft.Hosting.Lifetime|Hosting environment: Development |url: |action: 
2024-01-10 16:23:25.8480|0|INFO|Microsoft.Hosting.Lifetime|Content root path: C:\Code\С#\AllAuto\AllAuto\ |url: |action: 
2024-01-10 16:23:31.5081|10625|WARN|Microsoft.EntityFrameworkCore.Model.Validation|The foreign key property 'Profile.UserId1' was created in shadow state because a conflicting property with the simple name 'UserId' exists in the entity type, but is either not mapped, is already used for another relationship, or is incompatible with the associated primary key type. See https://aka.ms/efcore-relationships for information on mapping relationships in EF Core. |url: https://localhost/|action: Index
2024-01-10 16:23:31.5510|30000|WARN|Microsoft.EntityFrameworkCore.Model.Validation|No store type was specified for the decimal property 'Price' on entity type 'Car'. This will cause values to be silently truncated if they do not fit in the default precision and scale. Explicitly specify the SQL server column type that can accommodate all the values in 'OnModelCreating' using 'HasColumnType', specify precision and scale using 'HasPrecision', or configure a value converter using 'HasConversion'. |url: https://localhost/|action: Index
2024-01-10 16:23:32.4885|10625|WARN|Microsoft.EntityFrameworkCore.Model.Validation|The foreign key property 'Profile.UserId1' was created in shadow state because a conflicting property with the simple name 'UserId' exists in the entity type, but is either not mapped, is already used for another relationship, or is incompatible with the associated primary key type. See https://aka.ms/efcore-relationships for information on mapping relationships in EF Core. |url: https://localhost/|action: Index
2024-01-10 16:23:32.4885|30000|WARN|Microsoft.EntityFrameworkCore.Model.Validation|No store type was specified for the decimal property 'Price' on entity type 'Car'. This will cause values to be silently truncated if they do not fit in the default precision and scale. Explicitly specify the SQL server column type that can accommodate all the values in 'OnModelCreating' using 'HasColumnType', specify precision and scale using 'HasPrecision', or configure a value converter using 'HasConversion'. |url: https://localhost/|action: Index
2024-01-10 16:23:46.6044|0|INFO|AllAuto.Service.Implementations.UserService|[UserService.GetUsers] получено элементов 1 |url: https://localhost/User/GetUsers|action: GetUsers
2024-01-10 16:26:34.7842|14|INFO|Microsoft.Hosting.Lifetime|Now listening on: https://localhost:7185 |url: |action: 
2024-01-10 16:26:34.7842|14|INFO|Microsoft.Hosting.Lifetime|Now listening on: http://localhost:5280 |url: |action: 
2024-01-10 16:26:34.7842|0|INFO|Microsoft.Hosting.Lifetime|Application started. Press Ctrl+C to shut down. |url: |action: 
2024-01-10 16:26:34.7842|0|INFO|Microsoft.Hosting.Lifetime|Hosting environment: Development |url: |action: 
2024-01-10 16:26:34.7842|0|INFO|Microsoft.Hosting.Lifetime|Content root path: C:\Code\С#\AllAuto\AllAuto\ |url: |action: 
2024-01-10 16:26:40.5785|10625|WARN|Microsoft.EntityFrameworkCore.Model.Validation|The foreign key property 'Profile.UserId1' was created in shadow state because a conflicting property with the simple name 'UserId' exists in the entity type, but is either not mapped, is already used for another relationship, or is incompatible with the associated primary key type. See https://aka.ms/efcore-relationships for information on mapping relationships in EF Core. |url: https://localhost/|action: Index
2024-01-10 16:26:40.6153|30000|WARN|Microsoft.EntityFrameworkCore.Model.Validation|No store type was specified for the decimal property 'Price' on entity type 'Car'. This will cause values to be silently truncated if they do not fit in the default precision and scale. Explicitly specify the SQL server column type that can accommodate all the values in 'OnModelCreating' using 'HasColumnType', specify precision and scale using 'HasPrecision', or configure a value converter using 'HasConversion'. |url: https://localhost/|action: Index
2024-01-10 16:26:41.3310|10625|WARN|Microsoft.EntityFrameworkCore.Model.Validation|The foreign key property 'Profile.UserId1' was created in shadow state because a conflicting property with the simple name 'UserId' exists in the entity type, but is either not mapped, is already used for another relationship, or is incompatible with the associated primary key type. See https://aka.ms/efcore-relationships for information on mapping relationships in EF Core. |url: https://localhost/|action: Index
2024-01-10 16:26:41.3310|30000|WARN|Microsoft.EntityFrameworkCore.Model.Validation|No store type was specified for the decimal property 'Price' on entity type 'Car'. This will cause values to be silently truncated if they do not fit in the default precision and scale. Explicitly specify the SQL server column type that can accommodate all the values in 'OnModelCreating' using 'HasColumnType', specify precision and scale using 'HasPrecision', or configure a value converter using 'HasConversion'. |url: https://localhost/|action: Index
2024-01-10 16:29:58.3891|14|INFO|Microsoft.Hosting.Lifetime|Now listening on: https://localhost:7185 |url: |action: 
2024-01-10 16:29:58.3964|14|INFO|Microsoft.Hosting.Lifetime|Now listening on: http://localhost:5280 |url: |action: 
2024-01-10 16:29:58.3964|0|INFO|Microsoft.Hosting.Lifetime|Application started. Press Ctrl+C to shut down. |url: |action: 
2024-01-10 16:29:58.3964|0|INFO|Microsoft.Hosting.Lifetime|Hosting environment: Development |url: |action: 
2024-01-10 16:29:58.3964|0|INFO|Microsoft.Hosting.Lifetime|Content root path: C:\Code\С#\AllAuto\AllAuto\ |url: |action: 
2024-01-10 16:30:03.9304|10625|WARN|Microsoft.EntityFrameworkCore.Model.Validation|The foreign key property 'Profile.UserId1' was created in shadow state because a conflicting property with the simple name 'UserId' exists in the entity type, but is either not mapped, is already used for another relationship, or is incompatible with the associated primary key type. See https://aka.ms/efcore-relationships for information on mapping relationships in EF Core. |url: https://localhost/|action: Index
2024-01-10 16:30:03.9675|30000|WARN|Microsoft.EntityFrameworkCore.Model.Validation|No store type was specified for the decimal property 'Price' on entity type 'Car'. This will cause values to be silently truncated if they do not fit in the default precision and scale. Explicitly specify the SQL server column type that can accommodate all the values in 'OnModelCreating' using 'HasColumnType', specify precision and scale using 'HasPrecision', or configure a value converter using 'HasConversion'. |url: https://localhost/|action: Index
2024-01-10 16:30:04.6753|10625|WARN|Microsoft.EntityFrameworkCore.Model.Validation|The foreign key property 'Profile.UserId1' was created in shadow state because a conflicting property with the simple name 'UserId' exists in the entity type, but is either not mapped, is already used for another relationship, or is incompatible with the associated primary key type. See https://aka.ms/efcore-relationships for information on mapping relationships in EF Core. |url: https://localhost/|action: Index
2024-01-10 16:30:04.6753|30000|WARN|Microsoft.EntityFrameworkCore.Model.Validation|No store type was specified for the decimal property 'Price' on entity type 'Car'. This will cause values to be silently truncated if they do not fit in the default precision and scale. Explicitly specify the SQL server column type that can accommodate all the values in 'OnModelCreating' using 'HasColumnType', specify precision and scale using 'HasPrecision', or configure a value converter using 'HasConversion'. |url: https://localhost/|action: Index
2024-01-10 16:31:34.2361|14|INFO|Microsoft.Hosting.Lifetime|Now listening on: https://localhost:7185 |url: |action: 
2024-01-10 16:31:34.2432|14|INFO|Microsoft.Hosting.Lifetime|Now listening on: http://localhost:5280 |url: |action: 
2024-01-10 16:31:34.2432|0|INFO|Microsoft.Hosting.Lifetime|Application started. Press Ctrl+C to shut down. |url: |action: 
2024-01-10 16:31:34.2432|0|INFO|Microsoft.Hosting.Lifetime|Hosting environment: Development |url: |action: 
2024-01-10 16:31:34.2432|0|INFO|Microsoft.Hosting.Lifetime|Content root path: C:\Code\С#\AllAuto\AllAuto\ |url: |action: 
2024-01-10 16:31:36.7494|10625|WARN|Microsoft.EntityFrameworkCore.Model.Validation|The foreign key property 'Profile.UserId1' was created in shadow state because a conflicting property with the simple name 'UserId' exists in the entity type, but is either not mapped, is already used for another relationship, or is incompatible with the associated primary key type. See https://aka.ms/efcore-relationships for information on mapping relationships in EF Core. |url: https://localhost/|action: Index
2024-01-10 16:31:36.7866|30000|WARN|Microsoft.EntityFrameworkCore.Model.Validation|No store type was specified for the decimal property 'Price' on entity type 'Car'. This will cause values to be silently truncated if they do not fit in the default precision and scale. Explicitly specify the SQL server column type that can accommodate all the values in 'OnModelCreating' using 'HasColumnType', specify precision and scale using 'HasPrecision', or configure a value converter using 'HasConversion'. |url: https://localhost/|action: Index
2024-01-10 16:31:37.7097|10625|WARN|Microsoft.EntityFrameworkCore.Model.Validation|The foreign key property 'Profile.UserId1' was created in shadow state because a conflicting property with the simple name 'UserId' exists in the entity type, but is either not mapped, is already used for another relationship, or is incompatible with the associated primary key type. See https://aka.ms/efcore-relationships for information on mapping relationships in EF Core. |url: https://localhost/|action: Index
2024-01-10 16:31:37.7097|30000|WARN|Microsoft.EntityFrameworkCore.Model.Validation|No store type was specified for the decimal property 'Price' on entity type 'Car'. This will cause values to be silently truncated if they do not fit in the default precision and scale. Explicitly specify the SQL server column type that can accommodate all the values in 'OnModelCreating' using 'HasColumnType', specify precision and scale using 'HasPrecision', or configure a value converter using 'HasConversion'. |url: https://localhost/|action: Index
2024-01-10 16:33:50.9385|14|INFO|Microsoft.Hosting.Lifetime|Now listening on: https://localhost:7185 |url: |action: 
2024-01-10 16:33:50.9451|14|INFO|Microsoft.Hosting.Lifetime|Now listening on: http://localhost:5280 |url: |action: 
2024-01-10 16:33:50.9451|0|INFO|Microsoft.Hosting.Lifetime|Application started. Press Ctrl+C to shut down. |url: |action: 
2024-01-10 16:33:50.9451|0|INFO|Microsoft.Hosting.Lifetime|Hosting environment: Development |url: |action: 
2024-01-10 16:33:50.9451|0|INFO|Microsoft.Hosting.Lifetime|Content root path: C:\Code\С#\AllAuto\AllAuto\ |url: |action: 
2024-01-10 16:33:53.3142|10625|WARN|Microsoft.EntityFrameworkCore.Model.Validation|The foreign key property 'Profile.UserId1' was created in shadow state because a conflicting property with the simple name 'UserId' exists in the entity type, but is either not mapped, is already used for another relationship, or is incompatible with the associated primary key type. See https://aka.ms/efcore-relationships for information on mapping relationships in EF Core. |url: https://localhost/|action: Index
2024-01-10 16:33:53.3513|30000|WARN|Microsoft.EntityFrameworkCore.Model.Validation|No store type was specified for the decimal property 'Price' on entity type 'Car'. This will cause values to be silently truncated if they do not fit in the default precision and scale. Explicitly specify the SQL server column type that can accommodate all the values in 'OnModelCreating' using 'HasColumnType', specify precision and scale using 'HasPrecision', or configure a value converter using 'HasConversion'. |url: https://localhost/|action: Index
2024-01-10 16:33:57.1121|10625|WARN|Microsoft.EntityFrameworkCore.Model.Validation|The foreign key property 'Profile.UserId1' was created in shadow state because a conflicting property with the simple name 'UserId' exists in the entity type, but is either not mapped, is already used for another relationship, or is incompatible with the associated primary key type. See https://aka.ms/efcore-relationships for information on mapping relationships in EF Core. |url: https://localhost/|action: Index
2024-01-10 16:33:57.1121|30000|WARN|Microsoft.EntityFrameworkCore.Model.Validation|No store type was specified for the decimal property 'Price' on entity type 'Car'. This will cause values to be silently truncated if they do not fit in the default precision and scale. Explicitly specify the SQL server column type that can accommodate all the values in 'OnModelCreating' using 'HasColumnType', specify precision and scale using 'HasPrecision', or configure a value converter using 'HasConversion'. |url: https://localhost/|action: Index
2024-01-10 16:35:43.4931|14|INFO|Microsoft.Hosting.Lifetime|Now listening on: https://localhost:7185 |url: |action: 
2024-01-10 16:35:43.4931|14|INFO|Microsoft.Hosting.Lifetime|Now listening on: http://localhost:5280 |url: |action: 
2024-01-10 16:35:43.4931|0|INFO|Microsoft.Hosting.Lifetime|Application started. Press Ctrl+C to shut down. |url: |action: 
2024-01-10 16:35:43.4931|0|INFO|Microsoft.Hosting.Lifetime|Hosting environment: Development |url: |action: 
2024-01-10 16:35:43.4931|0|INFO|Microsoft.Hosting.Lifetime|Content root path: C:\Code\С#\AllAuto\AllAuto\ |url: |action: 
2024-01-10 16:35:48.9212|30000|WARN|Microsoft.EntityFrameworkCore.Model.Validation|No store type was specified for the decimal property 'Price' on entity type 'Car'. This will cause values to be silently truncated if they do not fit in the default precision and scale. Explicitly specify the SQL server column type that can accommodate all the values in 'OnModelCreating' using 'HasColumnType', specify precision and scale using 'HasPrecision', or configure a value converter using 'HasConversion'. |url: https://localhost/|action: Index
2024-01-10 16:35:52.6677|30000|WARN|Microsoft.EntityFrameworkCore.Model.Validation|No store type was specified for the decimal property 'Price' on entity type 'Car'. This will cause values to be silently truncated if they do not fit in the default precision and scale. Explicitly specify the SQL server column type that can accommodate all the values in 'OnModelCreating' using 'HasColumnType', specify precision and scale using 'HasPrecision', or configure a value converter using 'HasConversion'. |url: https://localhost/|action: Index
2024-01-10 16:46:01.3576|14|INFO|Microsoft.Hosting.Lifetime|Now listening on: https://localhost:7185 |url: |action: 
2024-01-10 16:46:01.3648|14|INFO|Microsoft.Hosting.Lifetime|Now listening on: http://localhost:5280 |url: |action: 
2024-01-10 16:46:01.3648|0|INFO|Microsoft.Hosting.Lifetime|Application started. Press Ctrl+C to shut down. |url: |action: 
2024-01-10 16:46:01.3648|0|INFO|Microsoft.Hosting.Lifetime|Hosting environment: Development |url: |action: 
2024-01-10 16:46:01.3648|0|INFO|Microsoft.Hosting.Lifetime|Content root path: C:\Code\С#\AllAuto\AllAuto\ |url: |action: 
2024-01-10 16:46:06.9157|30000|WARN|Microsoft.EntityFrameworkCore.Model.Validation|No store type was specified for the decimal property 'Price' on entity type 'Car'. This will cause values to be silently truncated if they do not fit in the default precision and scale. Explicitly specify the SQL server column type that can accommodate all the values in 'OnModelCreating' using 'HasColumnType', specify precision and scale using 'HasPrecision', or configure a value converter using 'HasConversion'. |url: https://localhost/|action: Index
2024-01-10 16:48:58.9021|14|INFO|Microsoft.Hosting.Lifetime|Now listening on: https://localhost:7185 |url: |action: 
2024-01-10 16:48:58.9097|14|INFO|Microsoft.Hosting.Lifetime|Now listening on: http://localhost:5280 |url: |action: 
2024-01-10 16:48:58.9097|0|INFO|Microsoft.Hosting.Lifetime|Application started. Press Ctrl+C to shut down. |url: |action: 
2024-01-10 16:48:58.9097|0|INFO|Microsoft.Hosting.Lifetime|Hosting environment: Development |url: |action: 
2024-01-10 16:48:58.9097|0|INFO|Microsoft.Hosting.Lifetime|Content root path: C:\Code\С#\AllAuto\AllAuto\ |url: |action: 
2024-01-10 16:49:04.2454|30000|WARN|Microsoft.EntityFrameworkCore.Model.Validation|No store type was specified for the decimal property 'Price' on entity type 'Car'. This will cause values to be silently truncated if they do not fit in the default precision and scale. Explicitly specify the SQL server column type that can accommodate all the values in 'OnModelCreating' using 'HasColumnType', specify precision and scale using 'HasPrecision', or configure a value converter using 'HasConversion'. |url: https://localhost/|action: Index
2024-01-10 16:50:35.2516|14|INFO|Microsoft.Hosting.Lifetime|Now listening on: https://localhost:7185 |url: |action: 
2024-01-10 16:50:35.2585|14|INFO|Microsoft.Hosting.Lifetime|Now listening on: http://localhost:5280 |url: |action: 
2024-01-10 16:50:35.2585|0|INFO|Microsoft.Hosting.Lifetime|Application started. Press Ctrl+C to shut down. |url: |action: 
2024-01-10 16:50:35.2585|0|INFO|Microsoft.Hosting.Lifetime|Hosting environment: Development |url: |action: 
2024-01-10 16:50:35.2585|0|INFO|Microsoft.Hosting.Lifetime|Content root path: C:\Code\С#\AllAuto\AllAuto\ |url: |action: 
2024-01-10 16:50:40.6974|30000|WARN|Microsoft.EntityFrameworkCore.Model.Validation|No store type was specified for the decimal property 'Price' on entity type 'Car'. This will cause values to be silently truncated if they do not fit in the default precision and scale. Explicitly specify the SQL server column type that can accommodate all the values in 'OnModelCreating' using 'HasColumnType', specify precision and scale using 'HasPrecision', or configure a value converter using 'HasConversion'. |url: https://localhost/|action: Index
2024-01-10 17:20:56.8212|14|INFO|Microsoft.Hosting.Lifetime|Now listening on: https://localhost:7185 |url: |action: 
2024-01-10 17:20:56.8212|14|INFO|Microsoft.Hosting.Lifetime|Now listening on: http://localhost:5280 |url: |action: 
2024-01-10 17:20:56.8212|0|INFO|Microsoft.Hosting.Lifetime|Application started. Press Ctrl+C to shut down. |url: |action: 
2024-01-10 17:20:56.8212|0|INFO|Microsoft.Hosting.Lifetime|Hosting environment: Development |url: |action: 
2024-01-10 17:20:56.8212|0|INFO|Microsoft.Hosting.Lifetime|Content root path: C:\Code\С#\AllAuto\AllAuto\ |url: |action: 
2024-01-10 17:20:59.4918|30000|WARN|Microsoft.EntityFrameworkCore.Model.Validation|No store type was specified for the decimal property 'Price' on entity type 'Car'. This will cause values to be silently truncated if they do not fit in the default precision and scale. Explicitly specify the SQL server column type that can accommodate all the values in 'OnModelCreating' using 'HasColumnType', specify precision and scale using 'HasPrecision', or configure a value converter using 'HasConversion'. |url: https://localhost/|action: Index
2024-01-10 17:23:44.5191|14|INFO|Microsoft.Hosting.Lifetime|Now listening on: https://localhost:7185 |url: |action: 
2024-01-10 17:23:44.5191|14|INFO|Microsoft.Hosting.Lifetime|Now listening on: http://localhost:5280 |url: |action: 
2024-01-10 17:23:44.5191|0|INFO|Microsoft.Hosting.Lifetime|Application started. Press Ctrl+C to shut down. |url: |action: 
2024-01-10 17:23:44.5191|0|INFO|Microsoft.Hosting.Lifetime|Hosting environment: Development |url: |action: 
2024-01-10 17:23:44.5191|0|INFO|Microsoft.Hosting.Lifetime|Content root path: C:\Code\С#\AllAuto\AllAuto\ |url: |action: 
2024-01-10 17:23:49.8329|30000|WARN|Microsoft.EntityFrameworkCore.Model.Validation|No store type was specified for the decimal property 'Price' on entity type 'Car'. This will cause values to be silently truncated if they do not fit in the default precision and scale. Explicitly specify the SQL server column type that can accommodate all the values in 'OnModelCreating' using 'HasColumnType', specify precision and scale using 'HasPrecision', or configure a value converter using 'HasConversion'. |url: https://localhost/|action: Index
2024-01-10 17:24:57.3280|14|INFO|Microsoft.Hosting.Lifetime|Now listening on: https://localhost:7185 |url: |action: 
2024-01-10 17:24:57.3357|14|INFO|Microsoft.Hosting.Lifetime|Now listening on: http://localhost:5280 |url: |action: 
2024-01-10 17:24:57.3357|0|INFO|Microsoft.Hosting.Lifetime|Application started. Press Ctrl+C to shut down. |url: |action: 
2024-01-10 17:24:57.3357|0|INFO|Microsoft.Hosting.Lifetime|Hosting environment: Development |url: |action: 
2024-01-10 17:24:57.3357|0|INFO|Microsoft.Hosting.Lifetime|Content root path: C:\Code\С#\AllAuto\AllAuto\ |url: |action: 
2024-01-10 17:25:03.0657|30000|WARN|Microsoft.EntityFrameworkCore.Model.Validation|No store type was specified for the decimal property 'Price' on entity type 'Car'. This will cause values to be silently truncated if they do not fit in the default precision and scale. Explicitly specify the SQL server column type that can accommodate all the values in 'OnModelCreating' using 'HasColumnType', specify precision and scale using 'HasPrecision', or configure a value converter using 'HasConversion'. |url: https://localhost/|action: Index
2024-01-10 17:37:44.8095|14|INFO|Microsoft.Hosting.Lifetime|Now listening on: https://localhost:7185 |url: |action: 
2024-01-10 17:37:44.8172|14|INFO|Microsoft.Hosting.Lifetime|Now listening on: http://localhost:5280 |url: |action: 
2024-01-10 17:37:44.8172|0|INFO|Microsoft.Hosting.Lifetime|Application started. Press Ctrl+C to shut down. |url: |action: 
2024-01-10 17:37:44.8172|0|INFO|Microsoft.Hosting.Lifetime|Hosting environment: Development |url: |action: 
2024-01-10 17:37:44.8172|0|INFO|Microsoft.Hosting.Lifetime|Content root path: C:\Code\С#\AllAuto\AllAuto\ |url: |action: 
2024-01-10 17:37:47.4360|30000|WARN|Microsoft.EntityFrameworkCore.Model.Validation|No store type was specified for the decimal property 'Price' on entity type 'Car'. This will cause values to be silently truncated if they do not fit in the default precision and scale. Explicitly specify the SQL server column type that can accommodate all the values in 'OnModelCreating' using 'HasColumnType', specify precision and scale using 'HasPrecision', or configure a value converter using 'HasConversion'. |url: https://localhost/|action: Index
2024-01-10 17:43:09.4053|14|INFO|Microsoft.Hosting.Lifetime|Now listening on: https://localhost:7185 |url: |action: 
2024-01-10 17:43:09.4126|14|INFO|Microsoft.Hosting.Lifetime|Now listening on: http://localhost:5280 |url: |action: 
2024-01-10 17:43:09.4126|0|INFO|Microsoft.Hosting.Lifetime|Application started. Press Ctrl+C to shut down. |url: |action: 
2024-01-10 17:43:09.4126|0|INFO|Microsoft.Hosting.Lifetime|Hosting environment: Development |url: |action: 
2024-01-10 17:43:09.4126|0|INFO|Microsoft.Hosting.Lifetime|Content root path: C:\Code\С#\AllAuto\AllAuto\ |url: |action: 
2024-01-10 17:43:15.1480|30000|WARN|Microsoft.EntityFrameworkCore.Model.Validation|No store type was specified for the decimal property 'Price' on entity type 'Car'. This will cause values to be silently truncated if they do not fit in the default precision and scale. Explicitly specify the SQL server column type that can accommodate all the values in 'OnModelCreating' using 'HasColumnType', specify precision and scale using 'HasPrecision', or configure a value converter using 'HasConversion'. |url: https://localhost/|action: Index
2024-01-10 18:03:37.5027|14|INFO|Microsoft.Hosting.Lifetime|Now listening on: https://localhost:7185 |url: |action: 
2024-01-10 18:03:37.5027|14|INFO|Microsoft.Hosting.Lifetime|Now listening on: http://localhost:5280 |url: |action: 
2024-01-10 18:03:37.5027|0|INFO|Microsoft.Hosting.Lifetime|Application started. Press Ctrl+C to shut down. |url: |action: 
2024-01-10 18:03:37.5027|0|INFO|Microsoft.Hosting.Lifetime|Hosting environment: Development |url: |action: 
2024-01-10 18:03:37.5027|0|INFO|Microsoft.Hosting.Lifetime|Content root path: C:\Code\С#\AllAuto\AllAuto\ |url: |action: 
2024-01-10 18:04:11.3691|14|INFO|Microsoft.Hosting.Lifetime|Now listening on: https://localhost:7185 |url: |action: 
2024-01-10 18:04:11.3691|14|INFO|Microsoft.Hosting.Lifetime|Now listening on: http://localhost:5280 |url: |action: 
2024-01-10 18:04:11.3691|0|INFO|Microsoft.Hosting.Lifetime|Application started. Press Ctrl+C to shut down. |url: |action: 
2024-01-10 18:04:11.3691|0|INFO|Microsoft.Hosting.Lifetime|Hosting environment: Development |url: |action: 
2024-01-10 18:04:11.3691|0|INFO|Microsoft.Hosting.Lifetime|Content root path: C:\Code\С#\AllAuto\AllAuto\ |url: |action: 
2024-01-10 18:04:16.9398|30000|WARN|Microsoft.EntityFrameworkCore.Model.Validation|No store type was specified for the decimal property 'Price' on entity type 'Car'. This will cause values to be silently truncated if they do not fit in the default precision and scale. Explicitly specify the SQL server column type that can accommodate all the values in 'OnModelCreating' using 'HasColumnType', specify precision and scale using 'HasPrecision', or configure a value converter using 'HasConversion'. |url: https://localhost/|action: Index
2024-01-10 18:08:19.6512|14|INFO|Microsoft.Hosting.Lifetime|Now listening on: https://localhost:7185 |url: |action: 
2024-01-10 18:08:19.6602|14|INFO|Microsoft.Hosting.Lifetime|Now listening on: http://localhost:5280 |url: |action: 
2024-01-10 18:08:19.6602|0|INFO|Microsoft.Hosting.Lifetime|Application started. Press Ctrl+C to shut down. |url: |action: 
2024-01-10 18:08:19.6602|0|INFO|Microsoft.Hosting.Lifetime|Hosting environment: Development |url: |action: 
2024-01-10 18:08:19.6602|0|INFO|Microsoft.Hosting.Lifetime|Content root path: C:\Code\С#\AllAuto\AllAuto\ |url: |action: 
2024-01-10 18:08:22.3537|30000|WARN|Microsoft.EntityFrameworkCore.Model.Validation|No store type was specified for the decimal property 'Price' on entity type 'Car'. This will cause values to be silently truncated if they do not fit in the default precision and scale. Explicitly specify the SQL server column type that can accommodate all the values in 'OnModelCreating' using 'HasColumnType', specify precision and scale using 'HasPrecision', or configure a value converter using 'HasConversion'. |url: https://localhost/|action: Index
