2024-01-25 10:24:59.2541|30000|WARN|Microsoft.EntityFrameworkCore.Model.Validation|No store type was specified for the decimal property 'Price' on entity type 'SparePart'. This will cause values to be silently truncated if they do not fit in the default precision and scale. Explicitly specify the SQL server column type that can accommodate all the values in 'OnModelCreating' using 'HasColumnType', specify precision and scale using 'HasPrecision', or configure a value converter using 'HasConversion'. |url: |action: 
2024-01-25 10:25:00.7543|14|INFO|Microsoft.Hosting.Lifetime|Now listening on: https://localhost:7185 |url: |action: 
2024-01-25 10:25:00.7628|14|INFO|Microsoft.Hosting.Lifetime|Now listening on: http://localhost:5280 |url: |action: 
2024-01-25 10:25:00.7628|0|INFO|Microsoft.Hosting.Lifetime|Application started. Press Ctrl+C to shut down. |url: |action: 
2024-01-25 10:25:00.7628|0|INFO|Microsoft.Hosting.Lifetime|Hosting environment: Development |url: |action: 
2024-01-25 10:25:00.7628|0|INFO|Microsoft.Hosting.Lifetime|Content root path: C:\Code\С#\AllAuto\AllAuto\ |url: |action: 
2024-01-25 10:29:06.9294|30000|WARN|Microsoft.EntityFrameworkCore.Model.Validation|No store type was specified for the decimal property 'Price' on entity type 'SparePart'. This will cause values to be silently truncated if they do not fit in the default precision and scale. Explicitly specify the SQL server column type that can accommodate all the values in 'OnModelCreating' using 'HasColumnType', specify precision and scale using 'HasPrecision', or configure a value converter using 'HasConversion'. |url: |action: 
2024-01-25 10:29:08.0068|14|INFO|Microsoft.Hosting.Lifetime|Now listening on: https://localhost:7185 |url: |action: 
2024-01-25 10:29:08.0138|14|INFO|Microsoft.Hosting.Lifetime|Now listening on: http://localhost:5280 |url: |action: 
2024-01-25 10:29:08.0138|0|INFO|Microsoft.Hosting.Lifetime|Application started. Press Ctrl+C to shut down. |url: |action: 
2024-01-25 10:29:08.0138|0|INFO|Microsoft.Hosting.Lifetime|Hosting environment: Development |url: |action: 
2024-01-25 10:29:08.0138|0|INFO|Microsoft.Hosting.Lifetime|Content root path: C:\Code\С#\AllAuto\AllAuto\ |url: |action: 
2024-01-25 10:30:28.2835|30000|WARN|Microsoft.EntityFrameworkCore.Model.Validation|No store type was specified for the decimal property 'Price' on entity type 'SparePart'. This will cause values to be silently truncated if they do not fit in the default precision and scale. Explicitly specify the SQL server column type that can accommodate all the values in 'OnModelCreating' using 'HasColumnType', specify precision and scale using 'HasPrecision', or configure a value converter using 'HasConversion'. |url: |action: 
2024-01-25 10:30:29.3813|14|INFO|Microsoft.Hosting.Lifetime|Now listening on: https://localhost:7185 |url: |action: 
2024-01-25 10:30:29.3813|14|INFO|Microsoft.Hosting.Lifetime|Now listening on: http://localhost:5280 |url: |action: 
2024-01-25 10:30:29.3813|0|INFO|Microsoft.Hosting.Lifetime|Application started. Press Ctrl+C to shut down. |url: |action: 
2024-01-25 10:30:29.3813|0|INFO|Microsoft.Hosting.Lifetime|Hosting environment: Development |url: |action: 
2024-01-25 10:30:29.3813|0|INFO|Microsoft.Hosting.Lifetime|Content root path: C:\Code\С#\AllAuto\AllAuto\ |url: |action: 
2024-01-25 10:31:49.8827|30000|WARN|Microsoft.EntityFrameworkCore.Model.Validation|No store type was specified for the decimal property 'Price' on entity type 'SparePart'. This will cause values to be silently truncated if they do not fit in the default precision and scale. Explicitly specify the SQL server column type that can accommodate all the values in 'OnModelCreating' using 'HasColumnType', specify precision and scale using 'HasPrecision', or configure a value converter using 'HasConversion'. |url: |action: 
2024-01-25 10:31:50.9451|14|INFO|Microsoft.Hosting.Lifetime|Now listening on: https://localhost:7185 |url: |action: 
2024-01-25 10:31:50.9517|14|INFO|Microsoft.Hosting.Lifetime|Now listening on: http://localhost:5280 |url: |action: 
2024-01-25 10:31:50.9517|0|INFO|Microsoft.Hosting.Lifetime|Application started. Press Ctrl+C to shut down. |url: |action: 
2024-01-25 10:31:50.9517|0|INFO|Microsoft.Hosting.Lifetime|Hosting environment: Development |url: |action: 
2024-01-25 10:31:50.9517|0|INFO|Microsoft.Hosting.Lifetime|Content root path: C:\Code\С#\AllAuto\AllAuto\ |url: |action: 
2024-01-25 10:32:42.0977|30000|WARN|Microsoft.EntityFrameworkCore.Model.Validation|No store type was specified for the decimal property 'Price' on entity type 'SparePart'. This will cause values to be silently truncated if they do not fit in the default precision and scale. Explicitly specify the SQL server column type that can accommodate all the values in 'OnModelCreating' using 'HasColumnType', specify precision and scale using 'HasPrecision', or configure a value converter using 'HasConversion'. |url: |action: 
2024-01-25 10:32:43.5336|14|INFO|Microsoft.Hosting.Lifetime|Now listening on: https://localhost:7185 |url: |action: 
2024-01-25 10:32:43.5404|14|INFO|Microsoft.Hosting.Lifetime|Now listening on: http://localhost:5280 |url: |action: 
2024-01-25 10:32:43.5404|0|INFO|Microsoft.Hosting.Lifetime|Application started. Press Ctrl+C to shut down. |url: |action: 
2024-01-25 10:32:43.5404|0|INFO|Microsoft.Hosting.Lifetime|Hosting environment: Development |url: |action: 
2024-01-25 10:32:43.5404|0|INFO|Microsoft.Hosting.Lifetime|Content root path: C:\Code\С#\AllAuto\AllAuto\ |url: |action: 
2024-01-25 10:34:14.6735|30000|WARN|Microsoft.EntityFrameworkCore.Model.Validation|No store type was specified for the decimal property 'Price' on entity type 'SparePart'. This will cause values to be silently truncated if they do not fit in the default precision and scale. Explicitly specify the SQL server column type that can accommodate all the values in 'OnModelCreating' using 'HasColumnType', specify precision and scale using 'HasPrecision', or configure a value converter using 'HasConversion'. |url: |action: 
2024-01-25 10:34:15.7362|14|INFO|Microsoft.Hosting.Lifetime|Now listening on: https://localhost:7185 |url: |action: 
2024-01-25 10:34:15.7426|14|INFO|Microsoft.Hosting.Lifetime|Now listening on: http://localhost:5280 |url: |action: 
2024-01-25 10:34:15.7426|0|INFO|Microsoft.Hosting.Lifetime|Application started. Press Ctrl+C to shut down. |url: |action: 
2024-01-25 10:34:15.7426|0|INFO|Microsoft.Hosting.Lifetime|Hosting environment: Development |url: |action: 
2024-01-25 10:34:15.7426|0|INFO|Microsoft.Hosting.Lifetime|Content root path: C:\Code\С#\AllAuto\AllAuto\ |url: |action: 
2024-01-25 10:35:17.9681|30000|WARN|Microsoft.EntityFrameworkCore.Model.Validation|No store type was specified for the decimal property 'Price' on entity type 'SparePart'. This will cause values to be silently truncated if they do not fit in the default precision and scale. Explicitly specify the SQL server column type that can accommodate all the values in 'OnModelCreating' using 'HasColumnType', specify precision and scale using 'HasPrecision', or configure a value converter using 'HasConversion'. |url: |action: 
2024-01-25 10:35:19.0085|14|INFO|Microsoft.Hosting.Lifetime|Now listening on: https://localhost:7185 |url: |action: 
2024-01-25 10:35:19.0085|14|INFO|Microsoft.Hosting.Lifetime|Now listening on: http://localhost:5280 |url: |action: 
2024-01-25 10:35:19.0085|0|INFO|Microsoft.Hosting.Lifetime|Application started. Press Ctrl+C to shut down. |url: |action: 
2024-01-25 10:35:19.0085|0|INFO|Microsoft.Hosting.Lifetime|Hosting environment: Development |url: |action: 
2024-01-25 10:35:19.0085|0|INFO|Microsoft.Hosting.Lifetime|Content root path: C:\Code\С#\AllAuto\AllAuto\ |url: |action: 
2024-01-25 10:37:46.7092|30000|WARN|Microsoft.EntityFrameworkCore.Model.Validation|No store type was specified for the decimal property 'Price' on entity type 'SparePart'. This will cause values to be silently truncated if they do not fit in the default precision and scale. Explicitly specify the SQL server column type that can accommodate all the values in 'OnModelCreating' using 'HasColumnType', specify precision and scale using 'HasPrecision', or configure a value converter using 'HasConversion'. |url: |action: 
2024-01-25 10:37:47.7634|14|INFO|Microsoft.Hosting.Lifetime|Now listening on: https://localhost:7185 |url: |action: 
2024-01-25 10:37:47.7699|14|INFO|Microsoft.Hosting.Lifetime|Now listening on: http://localhost:5280 |url: |action: 
2024-01-25 10:37:47.7699|0|INFO|Microsoft.Hosting.Lifetime|Application started. Press Ctrl+C to shut down. |url: |action: 
2024-01-25 10:37:47.7699|0|INFO|Microsoft.Hosting.Lifetime|Hosting environment: Development |url: |action: 
2024-01-25 10:37:47.7699|0|INFO|Microsoft.Hosting.Lifetime|Content root path: C:\Code\С#\AllAuto\AllAuto\ |url: |action: 
2024-01-25 10:38:37.6736|30000|WARN|Microsoft.EntityFrameworkCore.Model.Validation|No store type was specified for the decimal property 'Price' on entity type 'SparePart'. This will cause values to be silently truncated if they do not fit in the default precision and scale. Explicitly specify the SQL server column type that can accommodate all the values in 'OnModelCreating' using 'HasColumnType', specify precision and scale using 'HasPrecision', or configure a value converter using 'HasConversion'. |url: |action: 
2024-01-25 10:38:38.7143|14|INFO|Microsoft.Hosting.Lifetime|Now listening on: https://localhost:7185 |url: |action: 
2024-01-25 10:38:38.7143|14|INFO|Microsoft.Hosting.Lifetime|Now listening on: http://localhost:5280 |url: |action: 
2024-01-25 10:38:38.7143|0|INFO|Microsoft.Hosting.Lifetime|Application started. Press Ctrl+C to shut down. |url: |action: 
2024-01-25 10:38:38.7143|0|INFO|Microsoft.Hosting.Lifetime|Hosting environment: Development |url: |action: 
2024-01-25 10:38:38.7143|0|INFO|Microsoft.Hosting.Lifetime|Content root path: C:\Code\С#\AllAuto\AllAuto\ |url: |action: 
2024-01-25 10:44:27.2940|30000|WARN|Microsoft.EntityFrameworkCore.Model.Validation|No store type was specified for the decimal property 'Price' on entity type 'SparePart'. This will cause values to be silently truncated if they do not fit in the default precision and scale. Explicitly specify the SQL server column type that can accommodate all the values in 'OnModelCreating' using 'HasColumnType', specify precision and scale using 'HasPrecision', or configure a value converter using 'HasConversion'. |url: |action: 
2024-01-25 10:44:28.2599|14|INFO|Microsoft.Hosting.Lifetime|Now listening on: https://localhost:7185 |url: |action: 
2024-01-25 10:44:28.2599|14|INFO|Microsoft.Hosting.Lifetime|Now listening on: http://localhost:5280 |url: |action: 
2024-01-25 10:44:28.2599|0|INFO|Microsoft.Hosting.Lifetime|Application started. Press Ctrl+C to shut down. |url: |action: 
2024-01-25 10:44:28.2599|0|INFO|Microsoft.Hosting.Lifetime|Hosting environment: Development |url: |action: 
2024-01-25 10:44:28.2599|0|INFO|Microsoft.Hosting.Lifetime|Content root path: C:\Code\С#\AllAuto\AllAuto\ |url: |action: 
2024-01-25 10:45:24.9047|30000|WARN|Microsoft.EntityFrameworkCore.Model.Validation|No store type was specified for the decimal property 'Price' on entity type 'SparePart'. This will cause values to be silently truncated if they do not fit in the default precision and scale. Explicitly specify the SQL server column type that can accommodate all the values in 'OnModelCreating' using 'HasColumnType', specify precision and scale using 'HasPrecision', or configure a value converter using 'HasConversion'. |url: |action: 
2024-01-25 10:45:25.8782|14|INFO|Microsoft.Hosting.Lifetime|Now listening on: https://localhost:7185 |url: |action: 
2024-01-25 10:45:25.8782|14|INFO|Microsoft.Hosting.Lifetime|Now listening on: http://localhost:5280 |url: |action: 
2024-01-25 10:45:25.8782|0|INFO|Microsoft.Hosting.Lifetime|Application started. Press Ctrl+C to shut down. |url: |action: 
2024-01-25 10:45:25.8782|0|INFO|Microsoft.Hosting.Lifetime|Hosting environment: Development |url: |action: 
2024-01-25 10:45:25.8782|0|INFO|Microsoft.Hosting.Lifetime|Content root path: C:\Code\С#\AllAuto\AllAuto\ |url: |action: 
2024-01-25 10:48:48.8374|30000|WARN|Microsoft.EntityFrameworkCore.Model.Validation|No store type was specified for the decimal property 'Price' on entity type 'SparePart'. This will cause values to be silently truncated if they do not fit in the default precision and scale. Explicitly specify the SQL server column type that can accommodate all the values in 'OnModelCreating' using 'HasColumnType', specify precision and scale using 'HasPrecision', or configure a value converter using 'HasConversion'. |url: |action: 
2024-01-25 10:48:49.8202|14|INFO|Microsoft.Hosting.Lifetime|Now listening on: https://localhost:7185 |url: |action: 
2024-01-25 10:48:49.8202|14|INFO|Microsoft.Hosting.Lifetime|Now listening on: http://localhost:5280 |url: |action: 
2024-01-25 10:48:49.8202|0|INFO|Microsoft.Hosting.Lifetime|Application started. Press Ctrl+C to shut down. |url: |action: 
2024-01-25 10:48:49.8202|0|INFO|Microsoft.Hosting.Lifetime|Hosting environment: Development |url: |action: 
2024-01-25 10:48:49.8202|0|INFO|Microsoft.Hosting.Lifetime|Content root path: C:\Code\С#\AllAuto\AllAuto\ |url: |action: 
2024-01-25 10:51:52.1596|30000|WARN|Microsoft.EntityFrameworkCore.Model.Validation|No store type was specified for the decimal property 'Price' on entity type 'SparePart'. This will cause values to be silently truncated if they do not fit in the default precision and scale. Explicitly specify the SQL server column type that can accommodate all the values in 'OnModelCreating' using 'HasColumnType', specify precision and scale using 'HasPrecision', or configure a value converter using 'HasConversion'. |url: |action: 
2024-01-25 10:51:53.1922|14|INFO|Microsoft.Hosting.Lifetime|Now listening on: https://localhost:7185 |url: |action: 
2024-01-25 10:51:53.1922|14|INFO|Microsoft.Hosting.Lifetime|Now listening on: http://localhost:5280 |url: |action: 
2024-01-25 10:51:53.1922|0|INFO|Microsoft.Hosting.Lifetime|Application started. Press Ctrl+C to shut down. |url: |action: 
2024-01-25 10:51:53.1922|0|INFO|Microsoft.Hosting.Lifetime|Hosting environment: Development |url: |action: 
2024-01-25 10:51:53.1922|0|INFO|Microsoft.Hosting.Lifetime|Content root path: C:\Code\С#\AllAuto\AllAuto\ |url: |action: 
2024-01-25 10:52:39.8733|30000|WARN|Microsoft.EntityFrameworkCore.Model.Validation|No store type was specified for the decimal property 'Price' on entity type 'SparePart'. This will cause values to be silently truncated if they do not fit in the default precision and scale. Explicitly specify the SQL server column type that can accommodate all the values in 'OnModelCreating' using 'HasColumnType', specify precision and scale using 'HasPrecision', or configure a value converter using 'HasConversion'. |url: |action: 
2024-01-25 10:52:40.8708|14|INFO|Microsoft.Hosting.Lifetime|Now listening on: https://localhost:7185 |url: |action: 
2024-01-25 10:52:40.8708|14|INFO|Microsoft.Hosting.Lifetime|Now listening on: http://localhost:5280 |url: |action: 
2024-01-25 10:52:40.8708|0|INFO|Microsoft.Hosting.Lifetime|Application started. Press Ctrl+C to shut down. |url: |action: 
2024-01-25 10:52:40.8708|0|INFO|Microsoft.Hosting.Lifetime|Hosting environment: Development |url: |action: 
2024-01-25 10:52:40.8708|0|INFO|Microsoft.Hosting.Lifetime|Content root path: C:\Code\С#\AllAuto\AllAuto\ |url: |action: 
2024-01-25 10:55:47.2970|30000|WARN|Microsoft.EntityFrameworkCore.Model.Validation|No store type was specified for the decimal property 'Price' on entity type 'SparePart'. This will cause values to be silently truncated if they do not fit in the default precision and scale. Explicitly specify the SQL server column type that can accommodate all the values in 'OnModelCreating' using 'HasColumnType', specify precision and scale using 'HasPrecision', or configure a value converter using 'HasConversion'. |url: |action: 
2024-01-25 10:55:48.2797|14|INFO|Microsoft.Hosting.Lifetime|Now listening on: https://localhost:7185 |url: |action: 
2024-01-25 10:55:48.2858|14|INFO|Microsoft.Hosting.Lifetime|Now listening on: http://localhost:5280 |url: |action: 
2024-01-25 10:55:48.2858|0|INFO|Microsoft.Hosting.Lifetime|Application started. Press Ctrl+C to shut down. |url: |action: 
2024-01-25 10:55:48.2858|0|INFO|Microsoft.Hosting.Lifetime|Hosting environment: Development |url: |action: 
2024-01-25 10:55:48.2858|0|INFO|Microsoft.Hosting.Lifetime|Content root path: C:\Code\С#\AllAuto\AllAuto\ |url: |action: 
2024-01-25 10:57:15.6713|30000|WARN|Microsoft.EntityFrameworkCore.Model.Validation|No store type was specified for the decimal property 'Price' on entity type 'SparePart'. This will cause values to be silently truncated if they do not fit in the default precision and scale. Explicitly specify the SQL server column type that can accommodate all the values in 'OnModelCreating' using 'HasColumnType', specify precision and scale using 'HasPrecision', or configure a value converter using 'HasConversion'. |url: |action: 
2024-01-25 10:57:16.7173|14|INFO|Microsoft.Hosting.Lifetime|Now listening on: https://localhost:7185 |url: |action: 
2024-01-25 10:57:16.7229|14|INFO|Microsoft.Hosting.Lifetime|Now listening on: http://localhost:5280 |url: |action: 
2024-01-25 10:57:16.7229|0|INFO|Microsoft.Hosting.Lifetime|Application started. Press Ctrl+C to shut down. |url: |action: 
2024-01-25 10:57:16.7229|0|INFO|Microsoft.Hosting.Lifetime|Hosting environment: Development |url: |action: 
2024-01-25 10:57:16.7229|0|INFO|Microsoft.Hosting.Lifetime|Content root path: C:\Code\С#\AllAuto\AllAuto\ |url: |action: 
2024-01-25 11:03:04.6161|30000|WARN|Microsoft.EntityFrameworkCore.Model.Validation|No store type was specified for the decimal property 'Price' on entity type 'SparePart'. This will cause values to be silently truncated if they do not fit in the default precision and scale. Explicitly specify the SQL server column type that can accommodate all the values in 'OnModelCreating' using 'HasColumnType', specify precision and scale using 'HasPrecision', or configure a value converter using 'HasConversion'. |url: |action: 
2024-01-25 11:03:05.6292|14|INFO|Microsoft.Hosting.Lifetime|Now listening on: https://localhost:7185 |url: |action: 
2024-01-25 11:03:05.6292|14|INFO|Microsoft.Hosting.Lifetime|Now listening on: http://localhost:5280 |url: |action: 
2024-01-25 11:03:05.6292|0|INFO|Microsoft.Hosting.Lifetime|Application started. Press Ctrl+C to shut down. |url: |action: 
2024-01-25 11:03:05.6292|0|INFO|Microsoft.Hosting.Lifetime|Hosting environment: Development |url: |action: 
2024-01-25 11:03:05.6292|0|INFO|Microsoft.Hosting.Lifetime|Content root path: C:\Code\С#\AllAuto\AllAuto\ |url: |action: 
2024-01-25 11:04:52.9768|30000|WARN|Microsoft.EntityFrameworkCore.Model.Validation|No store type was specified for the decimal property 'Price' on entity type 'SparePart'. This will cause values to be silently truncated if they do not fit in the default precision and scale. Explicitly specify the SQL server column type that can accommodate all the values in 'OnModelCreating' using 'HasColumnType', specify precision and scale using 'HasPrecision', or configure a value converter using 'HasConversion'. |url: |action: 
2024-01-25 11:04:53.9261|14|INFO|Microsoft.Hosting.Lifetime|Now listening on: https://localhost:7185 |url: |action: 
2024-01-25 11:04:53.9261|14|INFO|Microsoft.Hosting.Lifetime|Now listening on: http://localhost:5280 |url: |action: 
2024-01-25 11:04:53.9261|0|INFO|Microsoft.Hosting.Lifetime|Application started. Press Ctrl+C to shut down. |url: |action: 
2024-01-25 11:04:53.9261|0|INFO|Microsoft.Hosting.Lifetime|Hosting environment: Development |url: |action: 
2024-01-25 11:04:53.9261|0|INFO|Microsoft.Hosting.Lifetime|Content root path: C:\Code\С#\AllAuto\AllAuto\ |url: |action: 
2024-01-25 11:07:11.5617|30000|WARN|Microsoft.EntityFrameworkCore.Model.Validation|No store type was specified for the decimal property 'Price' on entity type 'SparePart'. This will cause values to be silently truncated if they do not fit in the default precision and scale. Explicitly specify the SQL server column type that can accommodate all the values in 'OnModelCreating' using 'HasColumnType', specify precision and scale using 'HasPrecision', or configure a value converter using 'HasConversion'. |url: |action: 
2024-01-25 11:07:12.5667|14|INFO|Microsoft.Hosting.Lifetime|Now listening on: https://localhost:7185 |url: |action: 
2024-01-25 11:07:12.5667|14|INFO|Microsoft.Hosting.Lifetime|Now listening on: http://localhost:5280 |url: |action: 
2024-01-25 11:07:12.5667|0|INFO|Microsoft.Hosting.Lifetime|Application started. Press Ctrl+C to shut down. |url: |action: 
2024-01-25 11:07:12.5667|0|INFO|Microsoft.Hosting.Lifetime|Hosting environment: Development |url: |action: 
2024-01-25 11:07:12.5667|0|INFO|Microsoft.Hosting.Lifetime|Content root path: C:\Code\С#\AllAuto\AllAuto\ |url: |action: 
2024-01-25 11:09:33.5072|30000|WARN|Microsoft.EntityFrameworkCore.Model.Validation|No store type was specified for the decimal property 'Price' on entity type 'SparePart'. This will cause values to be silently truncated if they do not fit in the default precision and scale. Explicitly specify the SQL server column type that can accommodate all the values in 'OnModelCreating' using 'HasColumnType', specify precision and scale using 'HasPrecision', or configure a value converter using 'HasConversion'. |url: |action: 
2024-01-25 11:09:34.4729|14|INFO|Microsoft.Hosting.Lifetime|Now listening on: https://localhost:7185 |url: |action: 
2024-01-25 11:09:34.4729|14|INFO|Microsoft.Hosting.Lifetime|Now listening on: http://localhost:5280 |url: |action: 
2024-01-25 11:09:34.4729|0|INFO|Microsoft.Hosting.Lifetime|Application started. Press Ctrl+C to shut down. |url: |action: 
2024-01-25 11:09:34.4729|0|INFO|Microsoft.Hosting.Lifetime|Hosting environment: Development |url: |action: 
2024-01-25 11:09:34.4729|0|INFO|Microsoft.Hosting.Lifetime|Content root path: C:\Code\С#\AllAuto\AllAuto\ |url: |action: 
2024-01-25 11:10:43.4318|30000|WARN|Microsoft.EntityFrameworkCore.Model.Validation|No store type was specified for the decimal property 'Price' on entity type 'SparePart'. This will cause values to be silently truncated if they do not fit in the default precision and scale. Explicitly specify the SQL server column type that can accommodate all the values in 'OnModelCreating' using 'HasColumnType', specify precision and scale using 'HasPrecision', or configure a value converter using 'HasConversion'. |url: |action: 
2024-01-25 11:10:44.4184|14|INFO|Microsoft.Hosting.Lifetime|Now listening on: https://localhost:7185 |url: |action: 
2024-01-25 11:10:44.4239|14|INFO|Microsoft.Hosting.Lifetime|Now listening on: http://localhost:5280 |url: |action: 
2024-01-25 11:10:44.4239|0|INFO|Microsoft.Hosting.Lifetime|Application started. Press Ctrl+C to shut down. |url: |action: 
2024-01-25 11:10:44.4239|0|INFO|Microsoft.Hosting.Lifetime|Hosting environment: Development |url: |action: 
2024-01-25 11:10:44.4239|0|INFO|Microsoft.Hosting.Lifetime|Content root path: C:\Code\С#\AllAuto\AllAuto\ |url: |action: 
2024-01-25 11:13:17.9985|30000|WARN|Microsoft.EntityFrameworkCore.Model.Validation|No store type was specified for the decimal property 'Price' on entity type 'SparePart'. This will cause values to be silently truncated if they do not fit in the default precision and scale. Explicitly specify the SQL server column type that can accommodate all the values in 'OnModelCreating' using 'HasColumnType', specify precision and scale using 'HasPrecision', or configure a value converter using 'HasConversion'. |url: |action: 
2024-01-25 11:13:18.9994|14|INFO|Microsoft.Hosting.Lifetime|Now listening on: https://localhost:7185 |url: |action: 
2024-01-25 11:13:19.0056|14|INFO|Microsoft.Hosting.Lifetime|Now listening on: http://localhost:5280 |url: |action: 
2024-01-25 11:13:19.0056|0|INFO|Microsoft.Hosting.Lifetime|Application started. Press Ctrl+C to shut down. |url: |action: 
2024-01-25 11:13:19.0056|0|INFO|Microsoft.Hosting.Lifetime|Hosting environment: Development |url: |action: 
2024-01-25 11:13:19.0056|0|INFO|Microsoft.Hosting.Lifetime|Content root path: C:\Code\С#\AllAuto\AllAuto\ |url: |action: 
2024-01-25 11:16:47.1967|30000|WARN|Microsoft.EntityFrameworkCore.Model.Validation|No store type was specified for the decimal property 'Price' on entity type 'SparePart'. This will cause values to be silently truncated if they do not fit in the default precision and scale. Explicitly specify the SQL server column type that can accommodate all the values in 'OnModelCreating' using 'HasColumnType', specify precision and scale using 'HasPrecision', or configure a value converter using 'HasConversion'. |url: |action: 
2024-01-25 11:16:48.1772|14|INFO|Microsoft.Hosting.Lifetime|Now listening on: https://localhost:7185 |url: |action: 
2024-01-25 11:16:48.1833|14|INFO|Microsoft.Hosting.Lifetime|Now listening on: http://localhost:5280 |url: |action: 
2024-01-25 11:16:48.1833|0|INFO|Microsoft.Hosting.Lifetime|Application started. Press Ctrl+C to shut down. |url: |action: 
2024-01-25 11:16:48.1833|0|INFO|Microsoft.Hosting.Lifetime|Hosting environment: Development |url: |action: 
2024-01-25 11:16:48.1833|0|INFO|Microsoft.Hosting.Lifetime|Content root path: C:\Code\С#\AllAuto\AllAuto\ |url: |action: 
2024-01-25 11:21:42.9183|30000|WARN|Microsoft.EntityFrameworkCore.Model.Validation|No store type was specified for the decimal property 'Price' on entity type 'SparePart'. This will cause values to be silently truncated if they do not fit in the default precision and scale. Explicitly specify the SQL server column type that can accommodate all the values in 'OnModelCreating' using 'HasColumnType', specify precision and scale using 'HasPrecision', or configure a value converter using 'HasConversion'. |url: |action: 
2024-01-25 11:21:43.9273|14|INFO|Microsoft.Hosting.Lifetime|Now listening on: https://localhost:7185 |url: |action: 
2024-01-25 11:21:43.9273|14|INFO|Microsoft.Hosting.Lifetime|Now listening on: http://localhost:5280 |url: |action: 
2024-01-25 11:21:43.9273|0|INFO|Microsoft.Hosting.Lifetime|Application started. Press Ctrl+C to shut down. |url: |action: 
2024-01-25 11:21:43.9273|0|INFO|Microsoft.Hosting.Lifetime|Hosting environment: Development |url: |action: 
2024-01-25 11:21:43.9273|0|INFO|Microsoft.Hosting.Lifetime|Content root path: C:\Code\С#\AllAuto\AllAuto\ |url: |action: 
2024-01-25 11:22:24.6521|30000|WARN|Microsoft.EntityFrameworkCore.Model.Validation|No store type was specified for the decimal property 'Price' on entity type 'SparePart'. This will cause values to be silently truncated if they do not fit in the default precision and scale. Explicitly specify the SQL server column type that can accommodate all the values in 'OnModelCreating' using 'HasColumnType', specify precision and scale using 'HasPrecision', or configure a value converter using 'HasConversion'. |url: |action: 
2024-01-25 11:22:25.6346|14|INFO|Microsoft.Hosting.Lifetime|Now listening on: https://localhost:7185 |url: |action: 
2024-01-25 11:22:25.6346|14|INFO|Microsoft.Hosting.Lifetime|Now listening on: http://localhost:5280 |url: |action: 
2024-01-25 11:22:25.6346|0|INFO|Microsoft.Hosting.Lifetime|Application started. Press Ctrl+C to shut down. |url: |action: 
2024-01-25 11:22:25.6346|0|INFO|Microsoft.Hosting.Lifetime|Hosting environment: Development |url: |action: 
2024-01-25 11:22:25.6346|0|INFO|Microsoft.Hosting.Lifetime|Content root path: C:\Code\С#\AllAuto\AllAuto\ |url: |action: 
2024-01-25 11:25:06.2630|30000|WARN|Microsoft.EntityFrameworkCore.Model.Validation|No store type was specified for the decimal property 'Price' on entity type 'SparePart'. This will cause values to be silently truncated if they do not fit in the default precision and scale. Explicitly specify the SQL server column type that can accommodate all the values in 'OnModelCreating' using 'HasColumnType', specify precision and scale using 'HasPrecision', or configure a value converter using 'HasConversion'. |url: |action: 
2024-01-25 11:25:07.2526|14|INFO|Microsoft.Hosting.Lifetime|Now listening on: https://localhost:7185 |url: |action: 
2024-01-25 11:25:07.2583|14|INFO|Microsoft.Hosting.Lifetime|Now listening on: http://localhost:5280 |url: |action: 
2024-01-25 11:25:07.2583|0|INFO|Microsoft.Hosting.Lifetime|Application started. Press Ctrl+C to shut down. |url: |action: 
2024-01-25 11:25:07.2583|0|INFO|Microsoft.Hosting.Lifetime|Hosting environment: Development |url: |action: 
2024-01-25 11:25:07.2583|0|INFO|Microsoft.Hosting.Lifetime|Content root path: C:\Code\С#\AllAuto\AllAuto\ |url: |action: 
2024-01-25 11:25:14.7846|1|ERROR|Microsoft.AspNetCore.Diagnostics.DeveloperExceptionPageMiddleware|An unhandled exception has occurred while executing the request. System.FormatException: Input string was not in a correct format.
   at System.Text.ValueStringBuilder.ThrowFormatError()
   at System.Text.ValueStringBuilder.AppendFormatHelper(IFormatProvider provider, String format, ParamsArray args)
   at System.String.FormatHelper(IFormatProvider provider, String format, ParamsArray args)
   at System.String.Format(IFormatProvider provider, String format, Object arg0)
   at Microsoft.AspNetCore.Mvc.ViewFeatures.ViewDataDictionary.FormatValue(Object value, String format)
   at Microsoft.AspNetCore.Mvc.ViewFeatures.DefaultHtmlGenerator.GenerateInput(ViewContext viewContext, InputType inputType, ModelExplorer modelExplorer, String expression, Object value, Boolean useViewData, Boolean isChecked, Boolean setId, Boolean isExplicitValue, String format, IDictionary`2 htmlAttributes)
   at Microsoft.AspNetCore.Mvc.ViewFeatures.DefaultHtmlGenerator.GenerateTextBox(ViewContext viewContext, ModelExplorer modelExplorer, String expression, Object value, String format, Object htmlAttributes)
   at Microsoft.AspNetCore.Mvc.TagHelpers.InputTagHelper.GenerateTextBox(ModelExplorer modelExplorer, String inputTypeHint, String inputType, IDictionary`2 htmlAttributes)
   at Microsoft.AspNetCore.Mvc.TagHelpers.InputTagHelper.Process(TagHelperContext context, TagHelperOutput output)
   at Microsoft.AspNetCore.Razor.TagHelpers.TagHelper.ProcessAsync(TagHelperContext context, TagHelperOutput output)
   at Microsoft.AspNetCore.Razor.Runtime.TagHelpers.TagHelperRunner.RunAsync(TagHelperExecutionContext executionContext)
   at AspNetCoreGeneratedDocument.Views_Basket_CreateOrder.<ExecuteAsync>b__30_0() in C:\Code\С#\AllAuto\AllAuto\Views\Basket\CreateOrder.cshtml:line 45
   at Microsoft.AspNetCore.Razor.Runtime.TagHelpers.TagHelperExecutionContext.GetChildContentAsync(Boolean useCachedResult, HtmlEncoder encoder)
   at Microsoft.AspNetCore.Mvc.TagHelpers.RenderAtEndOfFormTagHelper.ProcessAsync(TagHelperContext context, TagHelperOutput output)
   at Microsoft.AspNetCore.Razor.Runtime.TagHelpers.TagHelperRunner.<RunAsync>g__Awaited|0_0(Task task, TagHelperExecutionContext executionContext, Int32 i, Int32 count)
   at AspNetCoreGeneratedDocument.Views_Basket_CreateOrder.ExecuteAsync() in C:\Code\С#\AllAuto\AllAuto\Views\Basket\CreateOrder.cshtml:line 14
   at Microsoft.AspNetCore.Mvc.Razor.RazorView.RenderPageCoreAsync(IRazorPage page, ViewContext context)
   at Microsoft.AspNetCore.Mvc.Razor.RazorView.RenderPageAsync(IRazorPage page, ViewContext context, Boolean invokeViewStarts)
   at Microsoft.AspNetCore.Mvc.Razor.RazorView.RenderAsync(ViewContext context)
   at Microsoft.AspNetCore.Mvc.ViewFeatures.ViewExecutor.ExecuteAsync(ViewContext viewContext, String contentType, Nullable`1 statusCode)
   at Microsoft.AspNetCore.Mvc.ViewFeatures.ViewExecutor.ExecuteAsync(ViewContext viewContext, String contentType, Nullable`1 statusCode)
   at Microsoft.AspNetCore.Mvc.ViewFeatures.ViewExecutor.ExecuteAsync(ActionContext actionContext, IView view, ViewDataDictionary viewData, ITempDataDictionary tempData, String contentType, Nullable`1 statusCode)
   at Microsoft.AspNetCore.Mvc.ViewFeatures.ViewResultExecutor.ExecuteAsync(ActionContext context, ViewResult result)
   at Microsoft.AspNetCore.Mvc.ViewResult.ExecuteResultAsync(ActionContext context)
   at Microsoft.AspNetCore.Mvc.Infrastructure.ResourceInvoker.<InvokeResultAsync>g__Logged|22_0(ResourceInvoker invoker, IActionResult result)
   at Microsoft.AspNetCore.Mvc.Infrastructure.ResourceInvoker.<InvokeNextResultFilterAsync>g__Awaited|30_0[TFilter,TFilterAsync](ResourceInvoker invoker, Task lastTask, State next, Scope scope, Object state, Boolean isCompleted)
   at Microsoft.AspNetCore.Mvc.Infrastructure.ResourceInvoker.Rethrow(ResultExecutedContextSealed context)
   at Microsoft.AspNetCore.Mvc.Infrastructure.ResourceInvoker.ResultNext[TFilter,TFilterAsync](State& next, Scope& scope, Object& state, Boolean& isCompleted)
   at Microsoft.AspNetCore.Mvc.Infrastructure.ResourceInvoker.InvokeResultFilters()
--- End of stack trace from previous location ---
   at Microsoft.AspNetCore.Mvc.Infrastructure.ResourceInvoker.<InvokeNextResourceFilter>g__Awaited|25_0(ResourceInvoker invoker, Task lastTask, State next, Scope scope, Object state, Boolean isCompleted)
   at Microsoft.AspNetCore.Mvc.Infrastructure.ResourceInvoker.Rethrow(ResourceExecutedContextSealed context)
   at Microsoft.AspNetCore.Mvc.Infrastructure.ResourceInvoker.Next(State& next, Scope& scope, Object& state, Boolean& isCompleted)
   at Microsoft.AspNetCore.Mvc.Infrastructure.ResourceInvoker.<InvokeFilterPipelineAsync>g__Awaited|20_0(ResourceInvoker invoker, Task lastTask, State next, Scope scope, Object state, Boolean isCompleted)
   at Microsoft.AspNetCore.Mvc.Infrastructure.ResourceInvoker.<InvokeAsync>g__Logged|17_1(ResourceInvoker invoker)
   at Microsoft.AspNetCore.Mvc.Infrastructure.ResourceInvoker.<InvokeAsync>g__Logged|17_1(ResourceInvoker invoker)
   at Microsoft.AspNetCore.Routing.EndpointMiddleware.<Invoke>g__AwaitRequestTask|6_0(Endpoint endpoint, Task requestTask, ILogger logger)
   at Microsoft.AspNetCore.Authentication.AuthenticationMiddleware.Invoke(HttpContext context)
   at Microsoft.AspNetCore.Authorization.AuthorizationMiddleware.Invoke(HttpContext context)
   at Microsoft.AspNetCore.Diagnostics.DeveloperExceptionPageMiddleware.Invoke(HttpContext context)|url: https://localhost/Basket/CreateOrder|action: CreateOrder
2024-01-25 11:25:33.0881|30000|WARN|Microsoft.EntityFrameworkCore.Model.Validation|No store type was specified for the decimal property 'Price' on entity type 'SparePart'. This will cause values to be silently truncated if they do not fit in the default precision and scale. Explicitly specify the SQL server column type that can accommodate all the values in 'OnModelCreating' using 'HasColumnType', specify precision and scale using 'HasPrecision', or configure a value converter using 'HasConversion'. |url: |action: 
2024-01-25 11:25:34.0452|14|INFO|Microsoft.Hosting.Lifetime|Now listening on: https://localhost:7185 |url: |action: 
2024-01-25 11:25:34.0452|14|INFO|Microsoft.Hosting.Lifetime|Now listening on: http://localhost:5280 |url: |action: 
2024-01-25 11:25:34.0452|0|INFO|Microsoft.Hosting.Lifetime|Application started. Press Ctrl+C to shut down. |url: |action: 
2024-01-25 11:25:34.0452|0|INFO|Microsoft.Hosting.Lifetime|Hosting environment: Development |url: |action: 
2024-01-25 11:25:34.0452|0|INFO|Microsoft.Hosting.Lifetime|Content root path: C:\Code\С#\AllAuto\AllAuto\ |url: |action: 
