2024-02-12 09:51:32.1573|30000|WARN|Microsoft.EntityFrameworkCore.Model.Validation|No store type was specified for the decimal property 'Sum' on entity type 'CompleteOrder'. This will cause values to be silently truncated if they do not fit in the default precision and scale. Explicitly specify the SQL server column type that can accommodate all the values in 'OnModelCreating' using 'HasColumnType', specify precision and scale using 'HasPrecision', or configure a value converter using 'HasConversion'. |url: |action: 
2024-02-12 09:51:32.1697|30000|WARN|Microsoft.EntityFrameworkCore.Model.Validation|No store type was specified for the decimal property 'Price' on entity type 'SparePart'. This will cause values to be silently truncated if they do not fit in the default precision and scale. Explicitly specify the SQL server column type that can accommodate all the values in 'OnModelCreating' using 'HasColumnType', specify precision and scale using 'HasPrecision', or configure a value converter using 'HasConversion'. |url: |action: 
2024-02-12 09:51:34.1581|14|INFO|Microsoft.Hosting.Lifetime|Now listening on: https://localhost:7185 |url: |action: 
2024-02-12 09:51:34.1581|14|INFO|Microsoft.Hosting.Lifetime|Now listening on: http://localhost:5280 |url: |action: 
2024-02-12 09:51:34.1581|0|INFO|Microsoft.Hosting.Lifetime|Application started. Press Ctrl+C to shut down. |url: |action: 
2024-02-12 09:51:34.1581|0|INFO|Microsoft.Hosting.Lifetime|Hosting environment: Development |url: |action: 
2024-02-12 09:51:34.1581|0|INFO|Microsoft.Hosting.Lifetime|Content root path: E:\C#\AllAuto\AllAuto\ |url: |action: 
2024-02-12 09:51:50.6753|0|ERROR|AllAuto.Service.Implementations.SparePartService|[Login]: Message |url: https://localhost/SparePart/GetAllParts|action: GetAllParts
2024-02-12 09:52:10.2863|1|ERROR|Microsoft.AspNetCore.Diagnostics.DeveloperExceptionPageMiddleware|An unhandled exception has occurred while executing the request. System.InvalidOperationException: The model item passed into the ViewDataDictionary is of type 'AllAuto.Domain.ViewModels.SparePart.SparePartOverviewViewModel', but this ViewDataDictionary instance requires a model item of type 'AllAuto.Domain.ViewModels.SparePart.SparePartViewModel'.
   at Microsoft.AspNetCore.Mvc.ViewFeatures.ViewDataDictionary.EnsureCompatible(Object value)
   at Microsoft.AspNetCore.Mvc.ViewFeatures.ViewDataDictionary..ctor(ViewDataDictionary source, Object model, Type declaredModelType)
   at lambda_method221(Closure , ViewDataDictionary )
   at Microsoft.AspNetCore.Mvc.Razor.RazorPagePropertyActivator.CreateViewDataDictionary(ViewContext context)
   at Microsoft.AspNetCore.Mvc.Razor.RazorPagePropertyActivator.Activate(Object page, ViewContext context)
   at Microsoft.AspNetCore.Mvc.Razor.RazorPageActivator.Activate(IRazorPage page, ViewContext context)
   at Microsoft.AspNetCore.Mvc.Razor.RazorView.RenderPageCoreAsync(IRazorPage page, ViewContext context)
   at Microsoft.AspNetCore.Mvc.Razor.RazorView.RenderPageAsync(IRazorPage page, ViewContext context, Boolean invokeViewStarts)
   at Microsoft.AspNetCore.Mvc.Razor.RazorView.RenderAsync(ViewContext context)
   at Microsoft.AspNetCore.Mvc.ViewFeatures.ViewExecutor.ExecuteAsync(ViewContext viewContext, String contentType, Nullable`1 statusCode)
   at Microsoft.AspNetCore.Mvc.ViewFeatures.ViewExecutor.ExecuteAsync(ViewContext viewContext, String contentType, Nullable`1 statusCode)
   at Microsoft.AspNetCore.Mvc.ViewFeatures.ViewExecutor.ExecuteAsync(ActionContext actionContext, IView view, ViewDataDictionary viewData, ITempDataDictionary tempData, String contentType, Nullable`1 statusCode)
   at Microsoft.AspNetCore.Mvc.ViewFeatures.ViewResultExecutor.ExecuteAsync(ActionContext context, ViewResult result)
   at Microsoft.AspNetCore.Mvc.ViewResult.ExecuteResultAsync(ActionContext context)
   at Microsoft.AspNetCore.Mvc.Infrastructure.ResourceInvoker.<InvokeResultAsync>g__Logged|22_0(ResourceInvoker invoker, IActionResult result)
   at Microsoft.AspNetCore.Mvc.Infrastructure.ResourceInvoker.<InvokeNextResultFilterAsync>g__Awaited|30_0[TFilter,TFilterAsync](ResourceInvoker invoker, Task lastTask, State next, Scope scope, Object state, Boolean isCompleted)
   at Microsoft.AspNetCore.Mvc.Infrastructure.ResourceInvoker.Rethrow(ResultExecutedContextSealed context)
   at Microsoft.AspNetCore.Mvc.Infrastructure.ResourceInvoker.ResultNext[TFilter,TFilterAsync](State& next, Scope& scope, Object& state, Boolean& isCompleted)
   at Microsoft.AspNetCore.Mvc.Infrastructure.ResourceInvoker.InvokeResultFilters()
--- End of stack trace from previous location ---
   at Microsoft.AspNetCore.Mvc.Infrastructure.ResourceInvoker.<InvokeNextResourceFilter>g__Awaited|25_0(ResourceInvoker invoker, Task lastTask, State next, Scope scope, Object state, Boolean isCompleted)
   at Microsoft.AspNetCore.Mvc.Infrastructure.ResourceInvoker.Rethrow(ResourceExecutedContextSealed context)
   at Microsoft.AspNetCore.Mvc.Infrastructure.ResourceInvoker.Next(State& next, Scope& scope, Object& state, Boolean& isCompleted)
   at Microsoft.AspNetCore.Mvc.Infrastructure.ResourceInvoker.<InvokeFilterPipelineAsync>g__Awaited|20_0(ResourceInvoker invoker, Task lastTask, State next, Scope scope, Object state, Boolean isCompleted)
   at Microsoft.AspNetCore.Mvc.Infrastructure.ResourceInvoker.<InvokeAsync>g__Logged|17_1(ResourceInvoker invoker)
   at Microsoft.AspNetCore.Mvc.Infrastructure.ResourceInvoker.<InvokeAsync>g__Logged|17_1(ResourceInvoker invoker)
   at Microsoft.AspNetCore.Routing.EndpointMiddleware.<Invoke>g__AwaitRequestTask|6_0(Endpoint endpoint, Task requestTask, ILogger logger)
   at Microsoft.AspNetCore.Authentication.AuthenticationMiddleware.Invoke(HttpContext context)
   at Microsoft.AspNetCore.Authorization.AuthorizationMiddleware.Invoke(HttpContext context)
   at Microsoft.AspNetCore.Diagnostics.DeveloperExceptionPageMiddleware.Invoke(HttpContext context)|url: https://localhost/SparePart/Edit|action: Edit
2024-02-12 10:02:54.0586|30000|WARN|Microsoft.EntityFrameworkCore.Model.Validation|No store type was specified for the decimal property 'Sum' on entity type 'CompleteOrder'. This will cause values to be silently truncated if they do not fit in the default precision and scale. Explicitly specify the SQL server column type that can accommodate all the values in 'OnModelCreating' using 'HasColumnType', specify precision and scale using 'HasPrecision', or configure a value converter using 'HasConversion'. |url: |action: 
2024-02-12 10:02:54.0596|30000|WARN|Microsoft.EntityFrameworkCore.Model.Validation|No store type was specified for the decimal property 'Price' on entity type 'SparePart'. This will cause values to be silently truncated if they do not fit in the default precision and scale. Explicitly specify the SQL server column type that can accommodate all the values in 'OnModelCreating' using 'HasColumnType', specify precision and scale using 'HasPrecision', or configure a value converter using 'HasConversion'. |url: |action: 
2024-02-12 10:02:54.8982|14|INFO|Microsoft.Hosting.Lifetime|Now listening on: https://localhost:7185 |url: |action: 
2024-02-12 10:02:54.8982|14|INFO|Microsoft.Hosting.Lifetime|Now listening on: http://localhost:5280 |url: |action: 
2024-02-12 10:02:54.8982|0|INFO|Microsoft.Hosting.Lifetime|Application started. Press Ctrl+C to shut down. |url: |action: 
2024-02-12 10:02:54.8982|0|INFO|Microsoft.Hosting.Lifetime|Hosting environment: Development |url: |action: 
2024-02-12 10:02:54.8982|0|INFO|Microsoft.Hosting.Lifetime|Content root path: E:\C#\AllAuto\AllAuto\ |url: |action: 
2024-02-12 10:03:18.2791|0|ERROR|AllAuto.Service.Implementations.SparePartService|[Login]: Message |url: https://localhost/SparePart/GetAllParts|action: GetAllParts
2024-02-12 10:04:49.4423|30000|WARN|Microsoft.EntityFrameworkCore.Model.Validation|No store type was specified for the decimal property 'Sum' on entity type 'CompleteOrder'. This will cause values to be silently truncated if they do not fit in the default precision and scale. Explicitly specify the SQL server column type that can accommodate all the values in 'OnModelCreating' using 'HasColumnType', specify precision and scale using 'HasPrecision', or configure a value converter using 'HasConversion'. |url: |action: 
2024-02-12 10:04:49.4423|30000|WARN|Microsoft.EntityFrameworkCore.Model.Validation|No store type was specified for the decimal property 'Price' on entity type 'SparePart'. This will cause values to be silently truncated if they do not fit in the default precision and scale. Explicitly specify the SQL server column type that can accommodate all the values in 'OnModelCreating' using 'HasColumnType', specify precision and scale using 'HasPrecision', or configure a value converter using 'HasConversion'. |url: |action: 
2024-02-12 10:04:50.1777|14|INFO|Microsoft.Hosting.Lifetime|Now listening on: https://localhost:7185 |url: |action: 
2024-02-12 10:04:50.1777|14|INFO|Microsoft.Hosting.Lifetime|Now listening on: http://localhost:5280 |url: |action: 
2024-02-12 10:04:50.1777|0|INFO|Microsoft.Hosting.Lifetime|Application started. Press Ctrl+C to shut down. |url: |action: 
2024-02-12 10:04:50.1777|0|INFO|Microsoft.Hosting.Lifetime|Hosting environment: Development |url: |action: 
2024-02-12 10:04:50.1777|0|INFO|Microsoft.Hosting.Lifetime|Content root path: E:\C#\AllAuto\AllAuto\ |url: |action: 
2024-02-12 10:05:10.5832|0|ERROR|AllAuto.Service.Implementations.SparePartService|[Login]: Message |url: https://localhost/SparePart/GetAllParts|action: GetAllParts
2024-02-12 10:05:39.8079|30000|WARN|Microsoft.EntityFrameworkCore.Model.Validation|No store type was specified for the decimal property 'Sum' on entity type 'CompleteOrder'. This will cause values to be silently truncated if they do not fit in the default precision and scale. Explicitly specify the SQL server column type that can accommodate all the values in 'OnModelCreating' using 'HasColumnType', specify precision and scale using 'HasPrecision', or configure a value converter using 'HasConversion'. |url: |action: 
2024-02-12 10:05:39.8079|30000|WARN|Microsoft.EntityFrameworkCore.Model.Validation|No store type was specified for the decimal property 'Price' on entity type 'SparePart'. This will cause values to be silently truncated if they do not fit in the default precision and scale. Explicitly specify the SQL server column type that can accommodate all the values in 'OnModelCreating' using 'HasColumnType', specify precision and scale using 'HasPrecision', or configure a value converter using 'HasConversion'. |url: |action: 
2024-02-12 10:05:40.5453|14|INFO|Microsoft.Hosting.Lifetime|Now listening on: https://localhost:7185 |url: |action: 
2024-02-12 10:05:40.5453|14|INFO|Microsoft.Hosting.Lifetime|Now listening on: http://localhost:5280 |url: |action: 
2024-02-12 10:05:40.5453|0|INFO|Microsoft.Hosting.Lifetime|Application started. Press Ctrl+C to shut down. |url: |action: 
2024-02-12 10:05:40.5453|0|INFO|Microsoft.Hosting.Lifetime|Hosting environment: Development |url: |action: 
2024-02-12 10:05:40.5453|0|INFO|Microsoft.Hosting.Lifetime|Content root path: E:\C#\AllAuto\AllAuto\ |url: |action: 
2024-02-12 10:05:58.2333|0|ERROR|AllAuto.Service.Implementations.SparePartService|[Login]: Message |url: https://localhost/SparePart/GetAllParts|action: GetAllParts
2024-02-12 10:06:40.2638|0|ERROR|AllAuto.Service.Implementations.SparePartService|[Login]: Message |url: https://localhost/SparePart/GetAllParts|action: GetAllParts
2024-02-12 10:06:42.7107|0|ERROR|AllAuto.Service.Implementations.SparePartService|[Login]: Message |url: https://localhost/SparePart/GetAllParts|action: GetAllParts
2024-02-12 10:06:44.1451|0|ERROR|AllAuto.Service.Implementations.SparePartService|[Login]: Message |url: https://localhost/SparePart/GetAllParts|action: GetAllParts
2024-02-12 10:06:45.0038|0|ERROR|AllAuto.Service.Implementations.SparePartService|[Login]: Message |url: https://localhost/SparePart/GetAllParts|action: GetAllParts
2024-02-12 10:13:04.2116|30000|WARN|Microsoft.EntityFrameworkCore.Model.Validation|No store type was specified for the decimal property 'Sum' on entity type 'CompleteOrder'. This will cause values to be silently truncated if they do not fit in the default precision and scale. Explicitly specify the SQL server column type that can accommodate all the values in 'OnModelCreating' using 'HasColumnType', specify precision and scale using 'HasPrecision', or configure a value converter using 'HasConversion'. |url: |action: 
2024-02-12 10:13:04.2116|30000|WARN|Microsoft.EntityFrameworkCore.Model.Validation|No store type was specified for the decimal property 'Price' on entity type 'SparePart'. This will cause values to be silently truncated if they do not fit in the default precision and scale. Explicitly specify the SQL server column type that can accommodate all the values in 'OnModelCreating' using 'HasColumnType', specify precision and scale using 'HasPrecision', or configure a value converter using 'HasConversion'. |url: |action: 
2024-02-12 10:13:04.9789|14|INFO|Microsoft.Hosting.Lifetime|Now listening on: https://localhost:7185 |url: |action: 
2024-02-12 10:13:04.9840|14|INFO|Microsoft.Hosting.Lifetime|Now listening on: http://localhost:5280 |url: |action: 
2024-02-12 10:13:04.9840|0|INFO|Microsoft.Hosting.Lifetime|Application started. Press Ctrl+C to shut down. |url: |action: 
2024-02-12 10:13:04.9840|0|INFO|Microsoft.Hosting.Lifetime|Hosting environment: Development |url: |action: 
2024-02-12 10:13:04.9840|0|INFO|Microsoft.Hosting.Lifetime|Content root path: E:\C#\AllAuto\AllAuto\ |url: |action: 
2024-02-12 10:13:11.7812|0|ERROR|AllAuto.Service.Implementations.SparePartService|[Login]: Message |url: https://localhost/SparePart/GetAllParts|action: GetAllParts
2024-02-12 10:18:58.4559|30000|WARN|Microsoft.EntityFrameworkCore.Model.Validation|No store type was specified for the decimal property 'Sum' on entity type 'CompleteOrder'. This will cause values to be silently truncated if they do not fit in the default precision and scale. Explicitly specify the SQL server column type that can accommodate all the values in 'OnModelCreating' using 'HasColumnType', specify precision and scale using 'HasPrecision', or configure a value converter using 'HasConversion'. |url: |action: 
2024-02-12 10:18:58.4559|30000|WARN|Microsoft.EntityFrameworkCore.Model.Validation|No store type was specified for the decimal property 'Price' on entity type 'SparePart'. This will cause values to be silently truncated if they do not fit in the default precision and scale. Explicitly specify the SQL server column type that can accommodate all the values in 'OnModelCreating' using 'HasColumnType', specify precision and scale using 'HasPrecision', or configure a value converter using 'HasConversion'. |url: |action: 
2024-02-12 10:18:59.2481|14|INFO|Microsoft.Hosting.Lifetime|Now listening on: https://localhost:7185 |url: |action: 
2024-02-12 10:18:59.2481|14|INFO|Microsoft.Hosting.Lifetime|Now listening on: http://localhost:5280 |url: |action: 
2024-02-12 10:18:59.2481|0|INFO|Microsoft.Hosting.Lifetime|Application started. Press Ctrl+C to shut down. |url: |action: 
2024-02-12 10:18:59.2481|0|INFO|Microsoft.Hosting.Lifetime|Hosting environment: Development |url: |action: 
2024-02-12 10:18:59.2481|0|INFO|Microsoft.Hosting.Lifetime|Content root path: E:\C#\AllAuto\AllAuto\ |url: |action: 
2024-02-12 10:19:12.2228|0|ERROR|AllAuto.Service.Implementations.SparePartService|[Login]: Message |url: https://localhost/SparePart/GetAllParts|action: GetAllParts
2024-02-12 10:20:45.1086|30000|WARN|Microsoft.EntityFrameworkCore.Model.Validation|No store type was specified for the decimal property 'Sum' on entity type 'CompleteOrder'. This will cause values to be silently truncated if they do not fit in the default precision and scale. Explicitly specify the SQL server column type that can accommodate all the values in 'OnModelCreating' using 'HasColumnType', specify precision and scale using 'HasPrecision', or configure a value converter using 'HasConversion'. |url: |action: 
2024-02-12 10:20:45.1086|30000|WARN|Microsoft.EntityFrameworkCore.Model.Validation|No store type was specified for the decimal property 'Price' on entity type 'SparePart'. This will cause values to be silently truncated if they do not fit in the default precision and scale. Explicitly specify the SQL server column type that can accommodate all the values in 'OnModelCreating' using 'HasColumnType', specify precision and scale using 'HasPrecision', or configure a value converter using 'HasConversion'. |url: |action: 
2024-02-12 10:20:45.8631|14|INFO|Microsoft.Hosting.Lifetime|Now listening on: https://localhost:7185 |url: |action: 
2024-02-12 10:20:45.8631|14|INFO|Microsoft.Hosting.Lifetime|Now listening on: http://localhost:5280 |url: |action: 
2024-02-12 10:20:45.8631|0|INFO|Microsoft.Hosting.Lifetime|Application started. Press Ctrl+C to shut down. |url: |action: 
2024-02-12 10:20:45.8631|0|INFO|Microsoft.Hosting.Lifetime|Hosting environment: Development |url: |action: 
2024-02-12 10:20:45.8631|0|INFO|Microsoft.Hosting.Lifetime|Content root path: E:\C#\AllAuto\AllAuto\ |url: |action: 
2024-02-12 10:20:58.8451|0|ERROR|AllAuto.Service.Implementations.SparePartService|[Login]: Message |url: https://localhost/SparePart/GetAllParts|action: GetAllParts
2024-02-12 10:31:39.3595|30000|WARN|Microsoft.EntityFrameworkCore.Model.Validation|No store type was specified for the decimal property 'Sum' on entity type 'CompleteOrder'. This will cause values to be silently truncated if they do not fit in the default precision and scale. Explicitly specify the SQL server column type that can accommodate all the values in 'OnModelCreating' using 'HasColumnType', specify precision and scale using 'HasPrecision', or configure a value converter using 'HasConversion'. |url: |action: 
2024-02-12 10:31:39.3595|30000|WARN|Microsoft.EntityFrameworkCore.Model.Validation|No store type was specified for the decimal property 'Price' on entity type 'SparePart'. This will cause values to be silently truncated if they do not fit in the default precision and scale. Explicitly specify the SQL server column type that can accommodate all the values in 'OnModelCreating' using 'HasColumnType', specify precision and scale using 'HasPrecision', or configure a value converter using 'HasConversion'. |url: |action: 
2024-02-12 10:31:40.0856|14|INFO|Microsoft.Hosting.Lifetime|Now listening on: https://localhost:7185 |url: |action: 
2024-02-12 10:31:40.0856|14|INFO|Microsoft.Hosting.Lifetime|Now listening on: http://localhost:5280 |url: |action: 
2024-02-12 10:31:40.0856|0|INFO|Microsoft.Hosting.Lifetime|Application started. Press Ctrl+C to shut down. |url: |action: 
2024-02-12 10:31:40.0856|0|INFO|Microsoft.Hosting.Lifetime|Hosting environment: Development |url: |action: 
2024-02-12 10:31:40.0856|0|INFO|Microsoft.Hosting.Lifetime|Content root path: E:\C#\AllAuto\AllAuto\ |url: |action: 
2024-02-12 10:31:55.9193|0|ERROR|AllAuto.Service.Implementations.SparePartService|[Login]: Message |url: https://localhost/SparePart/GetAllParts|action: GetAllParts
2024-02-12 10:32:32.5192|30000|WARN|Microsoft.EntityFrameworkCore.Model.Validation|No store type was specified for the decimal property 'Sum' on entity type 'CompleteOrder'. This will cause values to be silently truncated if they do not fit in the default precision and scale. Explicitly specify the SQL server column type that can accommodate all the values in 'OnModelCreating' using 'HasColumnType', specify precision and scale using 'HasPrecision', or configure a value converter using 'HasConversion'. |url: |action: 
2024-02-12 10:32:32.5192|30000|WARN|Microsoft.EntityFrameworkCore.Model.Validation|No store type was specified for the decimal property 'Price' on entity type 'SparePart'. This will cause values to be silently truncated if they do not fit in the default precision and scale. Explicitly specify the SQL server column type that can accommodate all the values in 'OnModelCreating' using 'HasColumnType', specify precision and scale using 'HasPrecision', or configure a value converter using 'HasConversion'. |url: |action: 
2024-02-12 10:32:33.2444|14|INFO|Microsoft.Hosting.Lifetime|Now listening on: https://localhost:7185 |url: |action: 
2024-02-12 10:32:33.2489|14|INFO|Microsoft.Hosting.Lifetime|Now listening on: http://localhost:5280 |url: |action: 
2024-02-12 10:32:33.2489|0|INFO|Microsoft.Hosting.Lifetime|Application started. Press Ctrl+C to shut down. |url: |action: 
2024-02-12 10:32:33.2489|0|INFO|Microsoft.Hosting.Lifetime|Hosting environment: Development |url: |action: 
2024-02-12 10:32:33.2489|0|INFO|Microsoft.Hosting.Lifetime|Content root path: E:\C#\AllAuto\AllAuto\ |url: |action: 
2024-02-12 10:32:37.6885|0|ERROR|AllAuto.Service.Implementations.SparePartService|[Login]: Message |url: https://localhost/SparePart/GetAllParts|action: GetAllParts
2024-02-12 10:32:48.9581|0|ERROR|AllAuto.Service.Implementations.SparePartService|[Login]: Message |url: https://localhost/SparePart/GetAllParts|action: GetAllParts
2024-02-12 10:34:08.2389|30000|WARN|Microsoft.EntityFrameworkCore.Model.Validation|No store type was specified for the decimal property 'Sum' on entity type 'CompleteOrder'. This will cause values to be silently truncated if they do not fit in the default precision and scale. Explicitly specify the SQL server column type that can accommodate all the values in 'OnModelCreating' using 'HasColumnType', specify precision and scale using 'HasPrecision', or configure a value converter using 'HasConversion'. |url: |action: 
2024-02-12 10:34:08.2389|30000|WARN|Microsoft.EntityFrameworkCore.Model.Validation|No store type was specified for the decimal property 'Price' on entity type 'SparePart'. This will cause values to be silently truncated if they do not fit in the default precision and scale. Explicitly specify the SQL server column type that can accommodate all the values in 'OnModelCreating' using 'HasColumnType', specify precision and scale using 'HasPrecision', or configure a value converter using 'HasConversion'. |url: |action: 
2024-02-12 10:34:08.9628|14|INFO|Microsoft.Hosting.Lifetime|Now listening on: https://localhost:7185 |url: |action: 
2024-02-12 10:34:08.9672|14|INFO|Microsoft.Hosting.Lifetime|Now listening on: http://localhost:5280 |url: |action: 
2024-02-12 10:34:08.9672|0|INFO|Microsoft.Hosting.Lifetime|Application started. Press Ctrl+C to shut down. |url: |action: 
2024-02-12 10:34:08.9672|0|INFO|Microsoft.Hosting.Lifetime|Hosting environment: Development |url: |action: 
2024-02-12 10:34:08.9672|0|INFO|Microsoft.Hosting.Lifetime|Content root path: E:\C#\AllAuto\AllAuto\ |url: |action: 
2024-02-12 10:34:13.7913|30000|WARN|Microsoft.EntityFrameworkCore.Model.Validation|No store type was specified for the decimal property 'Sum' on entity type 'CompleteOrder'. This will cause values to be silently truncated if they do not fit in the default precision and scale. Explicitly specify the SQL server column type that can accommodate all the values in 'OnModelCreating' using 'HasColumnType', specify precision and scale using 'HasPrecision', or configure a value converter using 'HasConversion'. |url: |action: 
2024-02-12 10:34:13.7913|30000|WARN|Microsoft.EntityFrameworkCore.Model.Validation|No store type was specified for the decimal property 'Price' on entity type 'SparePart'. This will cause values to be silently truncated if they do not fit in the default precision and scale. Explicitly specify the SQL server column type that can accommodate all the values in 'OnModelCreating' using 'HasColumnType', specify precision and scale using 'HasPrecision', or configure a value converter using 'HasConversion'. |url: |action: 
2024-02-12 10:34:14.5019|14|INFO|Microsoft.Hosting.Lifetime|Now listening on: https://localhost:7185 |url: |action: 
2024-02-12 10:34:14.5019|14|INFO|Microsoft.Hosting.Lifetime|Now listening on: http://localhost:5280 |url: |action: 
2024-02-12 10:34:14.5019|0|INFO|Microsoft.Hosting.Lifetime|Application started. Press Ctrl+C to shut down. |url: |action: 
2024-02-12 10:34:14.5019|0|INFO|Microsoft.Hosting.Lifetime|Hosting environment: Development |url: |action: 
2024-02-12 10:34:14.5019|0|INFO|Microsoft.Hosting.Lifetime|Content root path: E:\C#\AllAuto\AllAuto\ |url: |action: 
2024-02-12 10:34:28.8195|30000|WARN|Microsoft.EntityFrameworkCore.Model.Validation|No store type was specified for the decimal property 'Sum' on entity type 'CompleteOrder'. This will cause values to be silently truncated if they do not fit in the default precision and scale. Explicitly specify the SQL server column type that can accommodate all the values in 'OnModelCreating' using 'HasColumnType', specify precision and scale using 'HasPrecision', or configure a value converter using 'HasConversion'. |url: |action: 
2024-02-12 10:34:28.8195|30000|WARN|Microsoft.EntityFrameworkCore.Model.Validation|No store type was specified for the decimal property 'Price' on entity type 'SparePart'. This will cause values to be silently truncated if they do not fit in the default precision and scale. Explicitly specify the SQL server column type that can accommodate all the values in 'OnModelCreating' using 'HasColumnType', specify precision and scale using 'HasPrecision', or configure a value converter using 'HasConversion'. |url: |action: 
2024-02-12 10:34:29.5304|14|INFO|Microsoft.Hosting.Lifetime|Now listening on: https://localhost:7185 |url: |action: 
2024-02-12 10:34:29.5304|14|INFO|Microsoft.Hosting.Lifetime|Now listening on: http://localhost:5280 |url: |action: 
2024-02-12 10:34:29.5304|0|INFO|Microsoft.Hosting.Lifetime|Application started. Press Ctrl+C to shut down. |url: |action: 
2024-02-12 10:34:29.5304|0|INFO|Microsoft.Hosting.Lifetime|Hosting environment: Development |url: |action: 
2024-02-12 10:34:29.5304|0|INFO|Microsoft.Hosting.Lifetime|Content root path: E:\C#\AllAuto\AllAuto\ |url: |action: 
2024-02-12 10:34:43.3716|0|ERROR|AllAuto.Service.Implementations.SparePartService|[Login]: Message |url: https://localhost/SparePart/GetAllParts|action: GetAllParts
2024-02-12 10:38:39.8589|30000|WARN|Microsoft.EntityFrameworkCore.Model.Validation|No store type was specified for the decimal property 'Sum' on entity type 'CompleteOrder'. This will cause values to be silently truncated if they do not fit in the default precision and scale. Explicitly specify the SQL server column type that can accommodate all the values in 'OnModelCreating' using 'HasColumnType', specify precision and scale using 'HasPrecision', or configure a value converter using 'HasConversion'. |url: |action: 
2024-02-12 10:38:39.8589|30000|WARN|Microsoft.EntityFrameworkCore.Model.Validation|No store type was specified for the decimal property 'Price' on entity type 'SparePart'. This will cause values to be silently truncated if they do not fit in the default precision and scale. Explicitly specify the SQL server column type that can accommodate all the values in 'OnModelCreating' using 'HasColumnType', specify precision and scale using 'HasPrecision', or configure a value converter using 'HasConversion'. |url: |action: 
2024-02-12 10:38:40.6759|14|INFO|Microsoft.Hosting.Lifetime|Now listening on: https://localhost:7185 |url: |action: 
2024-02-12 10:38:40.6759|14|INFO|Microsoft.Hosting.Lifetime|Now listening on: http://localhost:5280 |url: |action: 
2024-02-12 10:38:40.6759|0|INFO|Microsoft.Hosting.Lifetime|Application started. Press Ctrl+C to shut down. |url: |action: 
2024-02-12 10:38:40.6759|0|INFO|Microsoft.Hosting.Lifetime|Hosting environment: Development |url: |action: 
2024-02-12 10:38:40.6759|0|INFO|Microsoft.Hosting.Lifetime|Content root path: E:\C#\AllAuto\AllAuto\ |url: |action: 
2024-02-12 10:38:56.8100|0|ERROR|AllAuto.Service.Implementations.SparePartService|[Login]: Message |url: https://localhost/SparePart/GetAllParts|action: GetAllParts
2024-02-12 10:44:52.7379|30000|WARN|Microsoft.EntityFrameworkCore.Model.Validation|No store type was specified for the decimal property 'Sum' on entity type 'CompleteOrder'. This will cause values to be silently truncated if they do not fit in the default precision and scale. Explicitly specify the SQL server column type that can accommodate all the values in 'OnModelCreating' using 'HasColumnType', specify precision and scale using 'HasPrecision', or configure a value converter using 'HasConversion'. |url: |action: 
2024-02-12 10:44:52.7379|30000|WARN|Microsoft.EntityFrameworkCore.Model.Validation|No store type was specified for the decimal property 'Price' on entity type 'SparePart'. This will cause values to be silently truncated if they do not fit in the default precision and scale. Explicitly specify the SQL server column type that can accommodate all the values in 'OnModelCreating' using 'HasColumnType', specify precision and scale using 'HasPrecision', or configure a value converter using 'HasConversion'. |url: |action: 
2024-02-12 10:44:53.5328|14|INFO|Microsoft.Hosting.Lifetime|Now listening on: https://localhost:7185 |url: |action: 
2024-02-12 10:44:53.5328|14|INFO|Microsoft.Hosting.Lifetime|Now listening on: http://localhost:5280 |url: |action: 
2024-02-12 10:44:53.5328|0|INFO|Microsoft.Hosting.Lifetime|Application started. Press Ctrl+C to shut down. |url: |action: 
2024-02-12 10:44:53.5328|0|INFO|Microsoft.Hosting.Lifetime|Hosting environment: Development |url: |action: 
2024-02-12 10:44:53.5328|0|INFO|Microsoft.Hosting.Lifetime|Content root path: E:\C#\AllAuto\AllAuto\ |url: |action: 
2024-02-12 10:45:05.7709|0|ERROR|AllAuto.Service.Implementations.SparePartService|[Login]: Message |url: https://localhost/SparePart/GetAllParts|action: GetAllParts
2024-02-12 10:49:30.1311|30000|WARN|Microsoft.EntityFrameworkCore.Model.Validation|No store type was specified for the decimal property 'Sum' on entity type 'CompleteOrder'. This will cause values to be silently truncated if they do not fit in the default precision and scale. Explicitly specify the SQL server column type that can accommodate all the values in 'OnModelCreating' using 'HasColumnType', specify precision and scale using 'HasPrecision', or configure a value converter using 'HasConversion'. |url: |action: 
2024-02-12 10:49:30.1311|30000|WARN|Microsoft.EntityFrameworkCore.Model.Validation|No store type was specified for the decimal property 'Price' on entity type 'SparePart'. This will cause values to be silently truncated if they do not fit in the default precision and scale. Explicitly specify the SQL server column type that can accommodate all the values in 'OnModelCreating' using 'HasColumnType', specify precision and scale using 'HasPrecision', or configure a value converter using 'HasConversion'. |url: |action: 
2024-02-12 10:49:30.8737|14|INFO|Microsoft.Hosting.Lifetime|Now listening on: https://localhost:7185 |url: |action: 
2024-02-12 10:49:30.8737|14|INFO|Microsoft.Hosting.Lifetime|Now listening on: http://localhost:5280 |url: |action: 
2024-02-12 10:49:30.8737|0|INFO|Microsoft.Hosting.Lifetime|Application started. Press Ctrl+C to shut down. |url: |action: 
2024-02-12 10:49:30.8737|0|INFO|Microsoft.Hosting.Lifetime|Hosting environment: Development |url: |action: 
2024-02-12 10:49:30.8737|0|INFO|Microsoft.Hosting.Lifetime|Content root path: E:\C#\AllAuto\AllAuto\ |url: |action: 
2024-02-12 10:49:41.9208|0|ERROR|AllAuto.Service.Implementations.SparePartService|[Login]: Message |url: https://localhost/SparePart/GetAllParts|action: GetAllParts
2024-02-12 10:50:11.9989|0|ERROR|AllAuto.Service.Implementations.SparePartService|[Login]: Message |url: https://localhost/SparePart/GetAllParts|action: GetAllParts
2024-02-12 10:50:57.6666|30000|WARN|Microsoft.EntityFrameworkCore.Model.Validation|No store type was specified for the decimal property 'Sum' on entity type 'CompleteOrder'. This will cause values to be silently truncated if they do not fit in the default precision and scale. Explicitly specify the SQL server column type that can accommodate all the values in 'OnModelCreating' using 'HasColumnType', specify precision and scale using 'HasPrecision', or configure a value converter using 'HasConversion'. |url: |action: 
2024-02-12 10:50:57.6666|30000|WARN|Microsoft.EntityFrameworkCore.Model.Validation|No store type was specified for the decimal property 'Price' on entity type 'SparePart'. This will cause values to be silently truncated if they do not fit in the default precision and scale. Explicitly specify the SQL server column type that can accommodate all the values in 'OnModelCreating' using 'HasColumnType', specify precision and scale using 'HasPrecision', or configure a value converter using 'HasConversion'. |url: |action: 
2024-02-12 10:50:58.4412|14|INFO|Microsoft.Hosting.Lifetime|Now listening on: https://localhost:7185 |url: |action: 
2024-02-12 10:50:58.4412|14|INFO|Microsoft.Hosting.Lifetime|Now listening on: http://localhost:5280 |url: |action: 
2024-02-12 10:50:58.4412|0|INFO|Microsoft.Hosting.Lifetime|Application started. Press Ctrl+C to shut down. |url: |action: 
2024-02-12 10:50:58.4412|0|INFO|Microsoft.Hosting.Lifetime|Hosting environment: Development |url: |action: 
2024-02-12 10:50:58.4412|0|INFO|Microsoft.Hosting.Lifetime|Content root path: E:\C#\AllAuto\AllAuto\ |url: |action: 
2024-02-12 10:51:08.7780|0|ERROR|AllAuto.Service.Implementations.SparePartService|[Login]: Message |url: https://localhost/SparePart/GetAllParts|action: GetAllParts
2024-02-12 10:51:18.1847|0|ERROR|AllAuto.Service.Implementations.SparePartService|[Login]: Message |url: https://localhost/SparePart/GetAllParts|action: GetAllParts
2024-02-12 10:52:28.8255|0|ERROR|AllAuto.Service.Implementations.SparePartService|[Login]: Message |url: https://localhost/SparePart/GetAllParts|action: GetAllParts
2024-02-12 10:52:35.1021|0|ERROR|AllAuto.Service.Implementations.SparePartService|[Login]: Message |url: https://localhost/SparePart/GetAllParts|action: GetAllParts
2024-02-12 10:52:36.4877|0|ERROR|AllAuto.Service.Implementations.SparePartService|[Login]: Message |url: https://localhost/SparePart/GetAllParts|action: GetAllParts
2024-02-12 10:54:08.2015|30000|WARN|Microsoft.EntityFrameworkCore.Model.Validation|No store type was specified for the decimal property 'Sum' on entity type 'CompleteOrder'. This will cause values to be silently truncated if they do not fit in the default precision and scale. Explicitly specify the SQL server column type that can accommodate all the values in 'OnModelCreating' using 'HasColumnType', specify precision and scale using 'HasPrecision', or configure a value converter using 'HasConversion'. |url: |action: 
2024-02-12 10:54:08.2015|30000|WARN|Microsoft.EntityFrameworkCore.Model.Validation|No store type was specified for the decimal property 'Price' on entity type 'SparePart'. This will cause values to be silently truncated if they do not fit in the default precision and scale. Explicitly specify the SQL server column type that can accommodate all the values in 'OnModelCreating' using 'HasColumnType', specify precision and scale using 'HasPrecision', or configure a value converter using 'HasConversion'. |url: |action: 
2024-02-12 10:54:08.9698|14|INFO|Microsoft.Hosting.Lifetime|Now listening on: https://localhost:7185 |url: |action: 
2024-02-12 10:54:08.9698|14|INFO|Microsoft.Hosting.Lifetime|Now listening on: http://localhost:5280 |url: |action: 
2024-02-12 10:54:08.9698|0|INFO|Microsoft.Hosting.Lifetime|Application started. Press Ctrl+C to shut down. |url: |action: 
2024-02-12 10:54:08.9698|0|INFO|Microsoft.Hosting.Lifetime|Hosting environment: Development |url: |action: 
2024-02-12 10:54:08.9698|0|INFO|Microsoft.Hosting.Lifetime|Content root path: E:\C#\AllAuto\AllAuto\ |url: |action: 
2024-02-12 10:54:19.1585|0|ERROR|AllAuto.Service.Implementations.SparePartService|[Login]: Message |url: https://localhost/SparePart/GetAllParts|action: GetAllParts
2024-02-12 10:59:42.3795|30000|WARN|Microsoft.EntityFrameworkCore.Model.Validation|No store type was specified for the decimal property 'Sum' on entity type 'CompleteOrder'. This will cause values to be silently truncated if they do not fit in the default precision and scale. Explicitly specify the SQL server column type that can accommodate all the values in 'OnModelCreating' using 'HasColumnType', specify precision and scale using 'HasPrecision', or configure a value converter using 'HasConversion'. |url: |action: 
2024-02-12 10:59:42.3795|30000|WARN|Microsoft.EntityFrameworkCore.Model.Validation|No store type was specified for the decimal property 'Price' on entity type 'SparePart'. This will cause values to be silently truncated if they do not fit in the default precision and scale. Explicitly specify the SQL server column type that can accommodate all the values in 'OnModelCreating' using 'HasColumnType', specify precision and scale using 'HasPrecision', or configure a value converter using 'HasConversion'. |url: |action: 
2024-02-12 10:59:43.1751|14|INFO|Microsoft.Hosting.Lifetime|Now listening on: https://localhost:7185 |url: |action: 
2024-02-12 10:59:43.1751|14|INFO|Microsoft.Hosting.Lifetime|Now listening on: http://localhost:5280 |url: |action: 
2024-02-12 10:59:43.1751|0|INFO|Microsoft.Hosting.Lifetime|Application started. Press Ctrl+C to shut down. |url: |action: 
2024-02-12 10:59:43.1751|0|INFO|Microsoft.Hosting.Lifetime|Hosting environment: Development |url: |action: 
2024-02-12 10:59:43.1751|0|INFO|Microsoft.Hosting.Lifetime|Content root path: E:\C#\AllAuto\AllAuto\ |url: |action: 
2024-02-12 10:59:54.6855|0|ERROR|AllAuto.Service.Implementations.SparePartService|[Login]: Message |url: https://localhost/SparePart/GetAllParts|action: GetAllParts
2024-02-12 11:00:19.2245|0|ERROR|AllAuto.Service.Implementations.SparePartService|[Login]: Message |url: https://localhost/SparePart/GetAllParts|action: GetAllParts
2024-02-12 11:01:09.4816|0|ERROR|AllAuto.Service.Implementations.SparePartService|[Login]: Message |url: https://localhost/SparePart/GetAllParts|action: GetAllParts
2024-02-12 11:02:06.7812|30000|WARN|Microsoft.EntityFrameworkCore.Model.Validation|No store type was specified for the decimal property 'Sum' on entity type 'CompleteOrder'. This will cause values to be silently truncated if they do not fit in the default precision and scale. Explicitly specify the SQL server column type that can accommodate all the values in 'OnModelCreating' using 'HasColumnType', specify precision and scale using 'HasPrecision', or configure a value converter using 'HasConversion'. |url: |action: 
2024-02-12 11:02:06.7812|30000|WARN|Microsoft.EntityFrameworkCore.Model.Validation|No store type was specified for the decimal property 'Price' on entity type 'SparePart'. This will cause values to be silently truncated if they do not fit in the default precision and scale. Explicitly specify the SQL server column type that can accommodate all the values in 'OnModelCreating' using 'HasColumnType', specify precision and scale using 'HasPrecision', or configure a value converter using 'HasConversion'. |url: |action: 
2024-02-12 11:02:07.5101|14|INFO|Microsoft.Hosting.Lifetime|Now listening on: https://localhost:7185 |url: |action: 
2024-02-12 11:02:07.5144|14|INFO|Microsoft.Hosting.Lifetime|Now listening on: http://localhost:5280 |url: |action: 
2024-02-12 11:02:07.5144|0|INFO|Microsoft.Hosting.Lifetime|Application started. Press Ctrl+C to shut down. |url: |action: 
2024-02-12 11:02:07.5144|0|INFO|Microsoft.Hosting.Lifetime|Hosting environment: Development |url: |action: 
2024-02-12 11:02:07.5144|0|INFO|Microsoft.Hosting.Lifetime|Content root path: E:\C#\AllAuto\AllAuto\ |url: |action: 
2024-02-12 11:02:18.0792|0|ERROR|AllAuto.Service.Implementations.SparePartService|[Login]: Message |url: https://localhost/SparePart/GetAllParts|action: GetAllParts
2024-02-12 11:02:42.2180|0|ERROR|AllAuto.Service.Implementations.SparePartService|[Login]: Message |url: https://localhost/SparePart/GetAllParts|action: GetAllParts
2024-02-12 11:05:00.1112|30000|WARN|Microsoft.EntityFrameworkCore.Model.Validation|No store type was specified for the decimal property 'Sum' on entity type 'CompleteOrder'. This will cause values to be silently truncated if they do not fit in the default precision and scale. Explicitly specify the SQL server column type that can accommodate all the values in 'OnModelCreating' using 'HasColumnType', specify precision and scale using 'HasPrecision', or configure a value converter using 'HasConversion'. |url: |action: 
2024-02-12 11:05:00.1112|30000|WARN|Microsoft.EntityFrameworkCore.Model.Validation|No store type was specified for the decimal property 'Price' on entity type 'SparePart'. This will cause values to be silently truncated if they do not fit in the default precision and scale. Explicitly specify the SQL server column type that can accommodate all the values in 'OnModelCreating' using 'HasColumnType', specify precision and scale using 'HasPrecision', or configure a value converter using 'HasConversion'. |url: |action: 
2024-02-12 11:05:00.8403|14|INFO|Microsoft.Hosting.Lifetime|Now listening on: https://localhost:7185 |url: |action: 
2024-02-12 11:05:00.8447|14|INFO|Microsoft.Hosting.Lifetime|Now listening on: http://localhost:5280 |url: |action: 
2024-02-12 11:05:00.8447|0|INFO|Microsoft.Hosting.Lifetime|Application started. Press Ctrl+C to shut down. |url: |action: 
2024-02-12 11:05:00.8447|0|INFO|Microsoft.Hosting.Lifetime|Hosting environment: Development |url: |action: 
2024-02-12 11:05:00.8447|0|INFO|Microsoft.Hosting.Lifetime|Content root path: E:\C#\AllAuto\AllAuto\ |url: |action: 
2024-02-12 11:05:12.0157|0|ERROR|AllAuto.Service.Implementations.SparePartService|[Login]: Message |url: https://localhost/SparePart/GetAllParts|action: GetAllParts
2024-02-12 11:05:57.8416|30000|WARN|Microsoft.EntityFrameworkCore.Model.Validation|No store type was specified for the decimal property 'Sum' on entity type 'CompleteOrder'. This will cause values to be silently truncated if they do not fit in the default precision and scale. Explicitly specify the SQL server column type that can accommodate all the values in 'OnModelCreating' using 'HasColumnType', specify precision and scale using 'HasPrecision', or configure a value converter using 'HasConversion'. |url: |action: 
2024-02-12 11:05:57.8416|30000|WARN|Microsoft.EntityFrameworkCore.Model.Validation|No store type was specified for the decimal property 'Price' on entity type 'SparePart'. This will cause values to be silently truncated if they do not fit in the default precision and scale. Explicitly specify the SQL server column type that can accommodate all the values in 'OnModelCreating' using 'HasColumnType', specify precision and scale using 'HasPrecision', or configure a value converter using 'HasConversion'. |url: |action: 
2024-02-12 11:05:58.5558|14|INFO|Microsoft.Hosting.Lifetime|Now listening on: https://localhost:7185 |url: |action: 
2024-02-12 11:05:58.5600|14|INFO|Microsoft.Hosting.Lifetime|Now listening on: http://localhost:5280 |url: |action: 
2024-02-12 11:05:58.5600|0|INFO|Microsoft.Hosting.Lifetime|Application started. Press Ctrl+C to shut down. |url: |action: 
2024-02-12 11:05:58.5600|0|INFO|Microsoft.Hosting.Lifetime|Hosting environment: Development |url: |action: 
2024-02-12 11:05:58.5600|0|INFO|Microsoft.Hosting.Lifetime|Content root path: E:\C#\AllAuto\AllAuto\ |url: |action: 
2024-02-12 11:06:09.9533|0|ERROR|AllAuto.Service.Implementations.SparePartService|[Login]: Message |url: https://localhost/SparePart/GetAllParts|action: GetAllParts
2024-02-12 11:06:55.9984|30000|WARN|Microsoft.EntityFrameworkCore.Model.Validation|No store type was specified for the decimal property 'Sum' on entity type 'CompleteOrder'. This will cause values to be silently truncated if they do not fit in the default precision and scale. Explicitly specify the SQL server column type that can accommodate all the values in 'OnModelCreating' using 'HasColumnType', specify precision and scale using 'HasPrecision', or configure a value converter using 'HasConversion'. |url: |action: 
2024-02-12 11:06:55.9984|30000|WARN|Microsoft.EntityFrameworkCore.Model.Validation|No store type was specified for the decimal property 'Price' on entity type 'SparePart'. This will cause values to be silently truncated if they do not fit in the default precision and scale. Explicitly specify the SQL server column type that can accommodate all the values in 'OnModelCreating' using 'HasColumnType', specify precision and scale using 'HasPrecision', or configure a value converter using 'HasConversion'. |url: |action: 
2024-02-12 11:06:56.7422|14|INFO|Microsoft.Hosting.Lifetime|Now listening on: https://localhost:7185 |url: |action: 
2024-02-12 11:06:56.7422|14|INFO|Microsoft.Hosting.Lifetime|Now listening on: http://localhost:5280 |url: |action: 
2024-02-12 11:06:56.7422|0|INFO|Microsoft.Hosting.Lifetime|Application started. Press Ctrl+C to shut down. |url: |action: 
2024-02-12 11:06:56.7422|0|INFO|Microsoft.Hosting.Lifetime|Hosting environment: Development |url: |action: 
2024-02-12 11:06:56.7422|0|INFO|Microsoft.Hosting.Lifetime|Content root path: E:\C#\AllAuto\AllAuto\ |url: |action: 
2024-02-12 11:07:09.1068|0|ERROR|AllAuto.Service.Implementations.SparePartService|[Login]: Message |url: https://localhost/SparePart/GetAllParts|action: GetAllParts
2024-02-12 11:09:55.8707|30000|WARN|Microsoft.EntityFrameworkCore.Model.Validation|No store type was specified for the decimal property 'Sum' on entity type 'CompleteOrder'. This will cause values to be silently truncated if they do not fit in the default precision and scale. Explicitly specify the SQL server column type that can accommodate all the values in 'OnModelCreating' using 'HasColumnType', specify precision and scale using 'HasPrecision', or configure a value converter using 'HasConversion'. |url: |action: 
2024-02-12 11:09:55.8719|30000|WARN|Microsoft.EntityFrameworkCore.Model.Validation|No store type was specified for the decimal property 'Price' on entity type 'SparePart'. This will cause values to be silently truncated if they do not fit in the default precision and scale. Explicitly specify the SQL server column type that can accommodate all the values in 'OnModelCreating' using 'HasColumnType', specify precision and scale using 'HasPrecision', or configure a value converter using 'HasConversion'. |url: |action: 
2024-02-12 11:09:56.6419|14|INFO|Microsoft.Hosting.Lifetime|Now listening on: https://localhost:7185 |url: |action: 
2024-02-12 11:09:56.6419|14|INFO|Microsoft.Hosting.Lifetime|Now listening on: http://localhost:5280 |url: |action: 
2024-02-12 11:09:56.6419|0|INFO|Microsoft.Hosting.Lifetime|Application started. Press Ctrl+C to shut down. |url: |action: 
2024-02-12 11:09:56.6419|0|INFO|Microsoft.Hosting.Lifetime|Hosting environment: Development |url: |action: 
2024-02-12 11:09:56.6419|0|INFO|Microsoft.Hosting.Lifetime|Content root path: E:\C#\AllAuto\AllAuto\ |url: |action: 
2024-02-12 11:10:08.2478|0|ERROR|AllAuto.Service.Implementations.SparePartService|[Login]: Message |url: https://localhost/SparePart/GetAllParts|action: GetAllParts
2024-02-12 11:12:54.4205|0|ERROR|AllAuto.Service.Implementations.SparePartService|[Login]: Message |url: https://localhost/SparePart/GetAllParts|action: GetAllParts
2024-02-12 11:13:44.8161|0|ERROR|AllAuto.Service.Implementations.SparePartService|[Login]: Message |url: https://localhost/SparePart/GetAllParts|action: GetAllParts
